============================= test session starts =============================
platform win32 -- Python 3.12.12, pytest-9.0.2, pluggy-1.6.0 -- C:\Users\OleJohanBondahl\Documents\GitHub_ZEN\Schematika\.venv\Scripts\python.exe
cachedir: .pytest_cache
hypothesis profile 'default'
rootdir: C:\Users\OleJohanBondahl\Documents\GitHub_ZEN\Schematika
configfile: pyproject.toml
testpaths: tests
plugins: anyio-4.12.1, hypothesis-6.152.2, cov-7.0.0, examples-0.0.18
collecting ... collected 1463 items

tests/unit/test_auto_pin_allocation.py::test_auto_pin_sequential PASSED  [  0%]
tests/unit/test_auto_pin_allocation.py::test_auto_pin_with_seeded_start PASSED [  0%]
tests/unit/test_auto_pin_allocation.py::test_explicit_pins_override PASSED [  0%]
tests/unit/test_auto_pin_allocation.py::test_auto_pin_across_builds PASSED [  0%]
tests/unit/test_auto_pin_allocation.py::test_mixed_auto_and_explicit PASSED [  0%]
tests/unit/test_auto_pin_allocation.py::test_auto_pin_different_terminals PASSED [  0%]
tests/unit/test_auto_pin_allocation.py::test_prefixed_partial_allocation_does_not_advance_other_prefixes PASSED [  0%]
tests/unit/test_auto_pin_allocation.py::test_prefixed_partial_then_full_allocation PASSED [  0%]
tests/unit/test_auto_pin_allocation.py::test_prefixed_full_allocation_consistent_groups PASSED [  0%]
tests/unit/test_auto_pin_allocation.py::test_set_terminal_counter_respects_prefix_floor PASSED [  0%]
tests/unit/test_auto_pin_allocation.py::test_prefixed_allocation_respects_shared_counter_floor PASSED [  0%]
tests/unit/test_block_v2.py::TestBlockCreation::test_create_block PASSED [  0%]
tests/unit/test_block_v2.py::TestBlockCreation::test_create_block_with_name PASSED [  0%]
tests/unit/test_block_v2.py::TestBlockCreation::test_create_child_block PASSED [  0%]
tests/unit/test_block_v2.py::TestBlockCreation::test_create_nested_children PASSED [  1%]
tests/unit/test_block_v2.py::TestBlockCreation::test_block_with_contains PASSED [  1%]
tests/unit/test_block_v2.py::TestBlockCreation::test_block_with_style PASSED [  1%]
tests/unit/test_block_v2.py::TestBlockCreation::test_block_default_style_is_solid PASSED [  1%]
tests/unit/test_block_v2.py::TestBlockCreation::test_block_wide PASSED   [  1%]
tests/unit/test_block_v2.py::TestBlockCreation::test_block_note PASSED   [  1%]
tests/unit/test_block_v2.py::TestPlacement::test_below PASSED            [  1%]
tests/unit/test_block_v2.py::TestPlacement::test_below_with_align PASSED [  1%]
tests/unit/test_block_v2.py::TestPlacement::test_above PASSED            [  1%]
tests/unit/test_block_v2.py::TestPlacement::test_right_of PASSED         [  1%]
tests/unit/test_block_v2.py::TestPlacement::test_left_of PASSED          [  1%]
tests/unit/test_block_v2.py::TestPlacement::test_placement_conflict_raises PASSED [  1%]
tests/unit/test_block_v2.py::TestPlacement::test_placement_returns_self PASSED [  1%]
tests/unit/test_block_v2.py::TestBlockDiagramAPI::test_create_root_block PASSED [  1%]
tests/unit/test_block_v2.py::TestBlockDiagramAPI::test_create_multiple_root_blocks PASSED [  1%]
tests/unit/test_block_v2.py::TestBlockDiagramAPI::test_cable PASSED      [  2%]
tests/unit/test_block_v2.py::TestBlockDiagramAPI::test_legend PASSED     [  2%]
tests/unit/test_block_v2.py::TestBlockDiagramAPI::test_notes PASSED      [  2%]
tests/unit/test_block_v2.py::TestBlockDiagramAPI::test_abbreviations PASSED [  2%]
tests/unit/test_block_v2.py::TestBlockDiagramAPI::test_blocks_includes_children PASSED [  2%]
tests/unit/test_block_v2.py::TestMirror::test_mirror_creates_copy PASSED [  2%]
tests/unit/test_block_v2.py::TestMirror::test_mirror_child_access PASSED [  2%]
tests/unit/test_block_v2.py::TestMirror::test_mirror_flips_left_right PASSED [  2%]
tests/unit/test_block_v2.py::TestMirror::test_mirror_flips_align PASSED  [  2%]
tests/unit/test_block_v2.py::TestMirror::test_mirror_invalid_name_raises PASSED [  2%]
tests/unit/test_block_v2.py::TestMirror::test_mirror_adds_to_diagram PASSED [  2%]
tests/unit/test_block_v2.py::TestLayoutSizing::test_leaf_block_gets_min_width PASSED [  2%]
tests/unit/test_block_v2.py::TestLayoutSizing::test_leaf_block_gets_default_height PASSED [  2%]
tests/unit/test_block_v2.py::TestLayoutSizing::test_long_label_expands_width PASSED [  2%]
tests/unit/test_block_v2.py::TestLayoutSizing::test_contains_affects_size PASSED [  3%]
tests/unit/test_block_v2.py::TestLayoutSizing::test_wide_stretches_to_widest_sibling PASSED [  3%]
tests/unit/test_block_v2.py::TestLayoutPlacement::test_below_placement PASSED [  3%]
tests/unit/test_block_v2.py::TestLayoutPlacement::test_above_placement PASSED [  3%]
tests/unit/test_block_v2.py::TestLayoutPlacement::test_right_of_placement PASSED [  3%]
tests/unit/test_block_v2.py::TestLayoutPlacement::test_left_of_placement PASSED [  3%]
tests/unit/test_block_v2.py::TestLayoutPlacement::test_below_align_left PASSED [  3%]
tests/unit/test_block_v2.py::TestLayoutPlacement::test_below_align_right PASSED [  3%]
tests/unit/test_block_v2.py::TestLayoutPlacement::test_cycle_detection PASSED [  3%]
tests/unit/test_block_v2.py::TestCableBundling::test_single_cable_renders PASSED [  3%]
tests/unit/test_block_v2.py::TestCableBundling::test_multiple_cables_same_pair_bundled PASSED [  3%]
tests/unit/test_block_v2.py::TestCableBundling::test_cable_labels_rendered PASSED [  3%]
tests/unit/test_block_v2.py::TestRendering::test_render_blocks_produces_lines_and_text PASSED [  3%]
tests/unit/test_block_v2.py::TestRendering::test_render_block_with_contains PASSED [  3%]
tests/unit/test_block_v2.py::TestRendering::test_render_block_with_note PASSED [  3%]
tests/unit/test_block_v2.py::TestRendering::test_render_block_dashed_style PASSED [  4%]
tests/unit/test_block_v2.py::TestRendering::test_render_legend PASSED    [  4%]
tests/unit/test_block_v2.py::TestRendering::test_render_legend_deduplicates PASSED [  4%]
tests/unit/test_block_v2.py::TestRendering::test_render_notes PASSED     [  4%]
tests/unit/test_block_v2.py::TestRendering::test_render_abbreviations PASSED [  4%]
tests/unit/test_block_v2.py::TestRendering::test_render_notes_with_abbreviations PASSED [  4%]
tests/unit/test_block_v2.py::TestBlockStyleConstants::test_solid_style PASSED [  4%]
tests/unit/test_block_v2.py::TestBlockStyleConstants::test_dashed_style PASSED [  4%]
tests/unit/test_block_v2.py::TestBlockStyleConstants::test_cable_styles PASSED [  4%]
tests/unit/test_block_v2.py::TestIntegration::test_simple_diagram_renders PASSED [  4%]
tests/unit/test_block_v2.py::TestIntegration::test_diagram_with_containers PASSED [  4%]
tests/unit/test_block_v2.py::TestIntegration::test_diagram_with_legend_and_notes PASSED [  4%]
tests/unit/test_block_v2.py::TestIntegration::test_diagram_with_mirror PASSED [  4%]
tests/unit/test_block_v2.py::TestIntegration::test_elements_property PASSED [  4%]
tests/unit/test_block_v2.py::TestIntegration::test_multiple_cable_bundles PASSED [  4%]
tests/unit/test_block_v2.py::TestCornerPlacement::test_inside_top_left PASSED [  5%]
tests/unit/test_block_v2.py::TestCornerPlacement::test_inside_top_right PASSED [  5%]
tests/unit/test_block_v2.py::TestCornerPlacement::test_inside_bottom_left PASSED [  5%]
tests/unit/test_block_v2.py::TestCornerPlacement::test_inside_bottom_right PASSED [  5%]
tests/unit/test_block_v2.py::TestCornerPlacement::test_inside_center PASSED [  5%]
tests/unit/test_block_v2.py::TestCornerPlacement::test_outside_top_left PASSED [  5%]
tests/unit/test_block_v2.py::TestCornerPlacement::test_outside_top_right PASSED [  5%]
tests/unit/test_block_v2.py::TestCornerPlacement::test_outside_bottom_left PASSED [  5%]
tests/unit/test_block_v2.py::TestCornerPlacement::test_outside_bottom_right PASSED [  5%]
tests/unit/test_block_v2.py::TestCornerPlacement::test_with_padding PASSED [  5%]
tests/unit/test_block_v2.py::TestCornerPlacement::test_outside_with_padding PASSED [  5%]
tests/unit/test_block_v2.py::TestCornerPlacement::test_place_conflict_raises PASSED [  5%]
tests/unit/test_block_v2.py::TestCornerPlacement::test_place_then_below_conflict_raises PASSED [  5%]
tests/unit/test_block_v2.py::TestCornerPlacement::test_place_returns_self PASSED [  5%]
tests/unit/test_block_v2.py::TestNextToPlacement::test_next_to_basic PASSED [  6%]
tests/unit/test_block_v2.py::TestNextToPlacement::test_next_to_custom_gap PASSED [  6%]
tests/unit/test_block_v2.py::TestNextToPlacement::test_next_to_chain PASSED [  6%]
tests/unit/test_block_v2.py::TestNextToPlacement::test_next_to_conflict_raises PASSED [  6%]
tests/unit/test_block_v2.py::TestNextToPlacement::test_next_to_returns_self PASSED [  6%]
tests/unit/test_block_v2.py::TestBlockRotation::test_block_rotation_default PASSED [  6%]
tests/unit/test_block_v2.py::TestBlockRotation::test_block_rotation_set PASSED [  6%]
tests/unit/test_block_v2.py::TestBlockRotation::test_block_rotation_preserved_in_render PASSED [  6%]
tests/unit/test_block_validation.py::test_boxes_overlap_true PASSED      [  6%]
tests/unit/test_block_validation.py::test_boxes_overlap_false PASSED     [  6%]
tests/unit/test_block_validation.py::test_block_bbox PASSED              [  6%]
tests/unit/test_block_validation.py::test_overlapping_blocks_error PASSED [  6%]
tests/unit/test_block_validation.py::test_non_overlapping_blocks_no_error PASSED [  6%]
tests/unit/test_block_validation.py::test_block_outside_page_bounds_error PASSED [  6%]
tests/unit/test_block_validation.py::test_block_inside_page_bounds_no_error PASSED [  6%]
tests/unit/test_block_validation.py::test_clean_diagram_passes PASSED    [  7%]
tests/unit/test_block_validation.py::test_empty_diagram_passes PASSED    [  7%]
tests/unit/test_builder.py::TestBuilderUnit::test_builder_initialization PASSED [  7%]
tests/unit/test_builder.py::TestBuilderUnit::test_add_terminal PASSED    [  7%]
tests/unit/test_builder.py::TestBuilderUnit::test_add_symbol PASSED      [  7%]
tests/unit/test_builder.py::TestBuilderUnit::test_build_single_simple PASSED [  7%]
tests/unit/test_builder.py::TestBuilderUnit::test_build_validates_connection_indices PASSED [  7%]
tests/unit/test_builder.py::TestResolvePinEdgeCases::test_terminal_pin_resolution_1_pole PASSED [  7%]
tests/unit/test_builder.py::TestResolvePinEdgeCases::test_terminal_pin_resolution_3_pole PASSED [  7%]
tests/unit/test_builder.py::TestResolvePinEdgeCases::test_symbol_with_2x_pins PASSED [  7%]
tests/unit/test_builder.py::TestResolvePinEdgeCases::test_symbol_with_custom_named_ports PASSED [  7%]
tests/unit/test_builder.py::TestResolvePinEdgeCases::test_symbol_without_pins_fallback PASSED [  7%]
tests/unit/test_builder.py::TestBuildResult::test_iter_unpacking PASSED  [  7%]
tests/unit/test_builder.py::TestBuildResult::test_iter_returns_three_items PASSED [  7%]
tests/unit/test_builder.py::TestBuildResult::test_reuse_tags_returns_generator PASSED [  7%]
tests/unit/test_builder.py::TestBuildResult::test_reuse_tags_yields_tags_in_order PASSED [  8%]
tests/unit/test_builder.py::TestBuildResult::test_reuse_tags_exhaustion_raises_error PASSED [  8%]
tests/unit/test_builder.py::TestBuildResult::test_reuse_tags_missing_prefix_raises_immediately PASSED [  8%]
tests/unit/test_builder.py::TestBuildResult::test_reuse_terminals_returns_generator PASSED [  8%]
tests/unit/test_builder.py::TestBuildResult::test_reuse_terminals_yields_pins_in_order PASSED [  8%]
tests/unit/test_builder.py::TestBuildResult::test_reuse_terminals_single_pole PASSED [  8%]
tests/unit/test_builder.py::TestBuildResult::test_reuse_terminals_exhaustion_raises_error PASSED [  8%]
tests/unit/test_builder.py::TestBuildResult::test_reuse_terminals_partial_exhaustion PASSED [  8%]
tests/unit/test_builder.py::TestBuildResult::test_reuse_terminals_missing_key_raises_immediately PASSED [  8%]
tests/unit/test_builder.py::TestComponentRefAndPortRef::test_component_ref_pin_returns_port_ref PASSED [  8%]
tests/unit/test_builder.py::TestComponentRefAndPortRef::test_component_ref_pole_returns_port_ref PASSED [  8%]
tests/unit/test_builder.py::TestComponentRefAndPortRef::test_add_terminal_returns_component_ref PASSED [  8%]
tests/unit/test_builder.py::TestComponentRefAndPortRef::test_add_symbol_returns_component_ref PASSED [  8%]
tests/unit/test_builder.py::TestComponentRefAndPortRef::test_component_ref_indices_increment PASSED [  8%]
tests/unit/test_builder.py::TestBuilderConnections::test_add_connection_stores_manual_connection PASSED [  9%]
tests/unit/test_builder.py::TestBuilderConnections::test_add_connection_returns_self_for_chaining PASSED [  9%]
tests/unit/test_builder.py::TestBuilderConnections::test_connect_with_port_refs PASSED [  9%]
tests/unit/test_builder.py::TestBuilderConnections::test_connect_with_pin_names PASSED [  9%]
tests/unit/test_builder.py::TestBuilderConnections::test_connect_matching_stores_entry PASSED [  9%]
tests/unit/test_builder.py::TestBuilderConnections::test_connect_matching_returns_self PASSED [  9%]
tests/unit/test_builder.py::TestErrorPaths::test_component_not_found_on_build PASSED [  9%]
tests/unit/test_builder.py::TestErrorPaths::test_component_not_found_first_index PASSED [  9%]
tests/unit/test_builder.py::TestErrorPaths::test_port_not_found_on_connect PASSED [  9%]
tests/unit/test_builder.py::TestErrorPaths::test_port_not_found_error_details PASSED [  9%]
tests/unit/test_builder.py::TestErrorPaths::test_port_not_found_on_terminal_with_no_pins PASSED [  9%]
tests/unit/test_builder.py::TestBuildParameters::test_build_with_start_indices PASSED [  9%]
tests/unit/test_builder.py::TestBuildParameters::test_build_with_terminal_start_indices PASSED [  9%]
tests/unit/test_builder.py::TestBuildParameters::test_build_with_tag_generators PASSED [  9%]
tests/unit/test_builder.py::TestBuildParameters::test_build_with_reuse_tags PASSED [  9%]
tests/unit/test_builder.py::TestBuildParameters::test_build_with_reuse_terminals PASSED [ 10%]
tests/unit/test_builder.py::TestBuildParameters::test_build_with_reuse_terminals_callable PASSED [ 10%]
tests/unit/test_builder.py::TestBuildParameters::test_build_multiple_instances PASSED [ 10%]
tests/unit/test_builder.py::TestBuildParameters::test_build_with_wire_labels PASSED [ 10%]
tests/unit/test_builder.py::TestBuildParameters::test_build_terminal_used_terminals PASSED [ 10%]
tests/unit/test_builder.py::TestBuildParameters::test_build_terminal_deduplication PASSED [ 10%]
tests/unit/test_builder.py::TestBuildParameters::test_build_captures_component_map PASSED [ 10%]
tests/unit/test_builder.py::TestBuildParameters::test_build_captures_terminal_pin_map PASSED [ 10%]
tests/unit/test_builder.py::TestTerminalLogicalNames::test_add_terminal_with_logical_name PASSED [ 10%]
tests/unit/test_builder.py::TestTerminalLogicalNames::test_add_terminal_with_explicit_pins PASSED [ 10%]
tests/unit/test_builder.py::TestTerminalLogicalNames::test_terminal_with_logical_name_in_used_terminals PASSED [ 10%]
tests/unit/test_builder.py::TestPlacement::test_add_symbol_right_stores_spec_correctly PASSED [ 10%]
tests/unit/test_builder.py::TestPlacement::test_add_symbol_right_returns_component_ref PASSED [ 10%]
tests/unit/test_builder.py::TestPlacement::test_add_symbol_right_builds_successfully PASSED [ 10%]
tests/unit/test_builder.py::TestPlacement::test_add_terminal_above_stores_spec_correctly PASSED [ 11%]
tests/unit/test_builder.py::TestPlacement::test_add_terminal_above_registers_connection PASSED [ 11%]
tests/unit/test_builder.py::TestPlacement::test_add_terminal_above_builds_successfully PASSED [ 11%]
tests/unit/test_builder.py::TestPlacement::test_add_reference_above_creates_reference_spec PASSED [ 11%]
tests/unit/test_builder.py::TestPlacement::test_add_terminal_above_with_spacing PASSED [ 11%]
tests/unit/test_builder.py::TestPlacement::test_add_terminal_below_stores_spec_correctly PASSED [ 11%]
tests/unit/test_builder.py::TestPlacement::test_add_terminal_below_registers_connection PASSED [ 11%]
tests/unit/test_builder.py::TestPlacement::test_add_terminal_below_builds_successfully PASSED [ 11%]
tests/unit/test_builder.py::TestPlacement::test_add_reference_below_creates_reference_spec PASSED [ 11%]
tests/unit/test_builder.py::TestPlacement::test_add_terminal_below_wire_connection PASSED [ 11%]
tests/unit/test_builder.py::TestAddReference::test_add_reference_stores_spec PASSED [ 11%]
tests/unit/test_builder.py::TestAddReference::test_add_reference_registers_fixed_tag_generator PASSED [ 11%]
tests/unit/test_builder.py::TestAddReference::test_add_reference_fixed_gen_returns_ref_id PASSED [ 11%]
tests/unit/test_builder.py::TestAddReference::test_add_reference_returns_component_ref PASSED [ 11%]
tests/unit/test_builder.py::TestAddReference::test_add_reference_builds_successfully PASSED [ 11%]
tests/unit/test_builder.py::TestResolvePortRefToPole::test_integer_port_returns_directly PASSED [ 12%]
tests/unit/test_builder.py::TestResolvePortRefToPole::test_pin_name_in_2x_pins_list PASSED [ 12%]
tests/unit/test_builder.py::TestResolvePortRefToPole::test_pin_name_direct_indexing PASSED [ 12%]
tests/unit/test_builder.py::TestResolveRegistryPin::test_terminal_with_pins PASSED [ 12%]
tests/unit/test_builder.py::TestResolveRegistryPin::test_terminal_with_multiple_pins PASSED [ 12%]
tests/unit/test_builder.py::TestResolveRegistryPin::test_terminal_without_pins_fallback PASSED [ 12%]
tests/unit/test_builder.py::TestResolveRegistryPin::test_terminal_pole_out_of_range PASSED [ 12%]
tests/unit/test_builder.py::TestResolveRegistryPin::test_symbol_delegates_to_resolve_pin PASSED [ 12%]
tests/unit/test_builder.py::TestDistributePins::test_function_with_pins_parameter PASSED [ 12%]
tests/unit/test_builder.py::TestDistributePins::test_function_with_pins_already_in_kwargs PASSED [ 12%]
tests/unit/test_builder.py::TestDistributePins::test_function_with_contact_pins_and_coil_pins PASSED [ 12%]
tests/unit/test_builder.py::TestDistributePins::test_function_without_pin_parameters PASSED [ 12%]
tests/unit/test_builder.py::TestDistributePins::test_function_with_only_named_pins_params PASSED [ 12%]
tests/unit/test_builder.py::TestGetAbsoluteXOffset::test_single_level PASSED [ 12%]
tests/unit/test_builder.py::TestGetAbsoluteXOffset::test_chained_place_right PASSED [ 12%]
tests/unit/test_builder.py::TestGetAbsoluteXOffset::test_base_component_no_chain PASSED [ 13%]
tests/unit/test_builder.py::TestLayoutConfigAndComponentSpec::test_layout_config_defaults PASSED [ 13%]
tests/unit/test_builder.py::TestLayoutConfigAndComponentSpec::test_component_spec_get_y_increment_default PASSED [ 13%]
tests/unit/test_builder.py::TestLayoutConfigAndComponentSpec::test_component_spec_get_y_increment_custom PASSED [ 13%]
tests/unit/test_builder.py::TestSetLayout::test_set_layout_returns_self PASSED [ 13%]
tests/unit/test_builder.py::TestSetLayout::test_set_layout_stores_config PASSED [ 13%]
tests/unit/test_builder.py::TestBuildIntegration::test_terminal_symbol_terminal_chain PASSED [ 13%]
tests/unit/test_builder.py::TestBuildIntegration::test_multi_pole_terminal_chain PASSED [ 13%]
tests/unit/test_builder.py::TestBuildIntegration::test_build_with_auto_connect_false PASSED [ 13%]
tests/unit/test_builder.py::TestBuildIntegration::test_build_with_manual_connection PASSED [ 13%]
tests/unit/test_builder.py::TestBuildIntegration::test_build_with_connect_matching PASSED [ 13%]
tests/unit/test_builder.py::TestBuildIntegration::test_build_symbol_with_x_offset PASSED [ 13%]
tests/unit/test_builder.py::TestBuildIntegration::test_build_symbol_with_y_increment PASSED [ 13%]
tests/unit/test_builder.py::TestBuildIntegration::test_build_with_terminal_maps PASSED [ 13%]
tests/unit/test_builder.py::TestBuildIntegration::test_build_symbol_to_symbol_connection PASSED [ 14%]
tests/unit/test_builder.py::TestBuildIntegration::test_build_reference_to_symbol_connection PASSED [ 14%]
tests/unit/test_builder.py::TestBuildIntegration::test_build_symbol_to_reference_connection PASSED [ 14%]
tests/unit/test_builder.py::TestBuildIntegration::test_build_with_pin_prefixes PASSED [ 14%]
tests/unit/test_builder.py::TestBuildIntegration::test_build_terminal_with_pin_prefixes_override PASSED [ 14%]
tests/unit/test_builder.py::TestAdditionalCoverage::test_add_reference_above_builds_with_fixed_gen PASSED [ 14%]
tests/unit/test_builder.py::TestAdditionalCoverage::test_manual_connection_symbol_to_terminal PASSED [ 14%]
tests/unit/test_builder.py::TestAdditionalCoverage::test_manual_connection_reference_to_symbol PASSED [ 14%]
tests/unit/test_builder.py::TestAdditionalCoverage::test_manual_connection_symbol_to_reference PASSED [ 14%]
tests/unit/test_builder.py::TestAdditionalCoverage::test_chained_add_symbol_right_in_build PASSED [ 14%]
tests/unit/test_builder.py::TestAdditionalCoverage::test_resolve_port_ref_to_pole_pin_not_in_direct_index_list PASSED [ 14%]
tests/unit/test_builder.py::TestBuildResultAccessors::test_component_tag_returns_first_tag PASSED [ 14%]
tests/unit/test_builder.py::TestBuildResultAccessors::test_component_tag_raises_keyerror_for_missing_prefix PASSED [ 14%]
tests/unit/test_builder.py::TestBuildResultAccessors::test_component_tag_raises_keyerror_for_empty_list PASSED [ 14%]
tests/unit/test_builder.py::TestBuildResultAccessors::test_component_tags_returns_all PASSED [ 14%]
tests/unit/test_builder.py::TestBuildResultAccessors::test_component_tags_returns_empty_for_missing PASSED [ 15%]
tests/unit/test_builder.py::TestBuildResultAccessors::test_component_tags_returns_copy PASSED [ 15%]
tests/unit/test_builder.py::TestBuildResultAccessors::test_get_symbol_finds_placed_symbol PASSED [ 15%]
tests/unit/test_builder.py::TestBuildResultAccessors::test_get_symbol_returns_none_for_missing PASSED [ 15%]
tests/unit/test_builder.py::TestBuildResultAccessors::test_get_symbols_returns_all_matching PASSED [ 15%]
tests/unit/test_builder.py::TestBuildResultAccessors::test_get_symbols_returns_empty_for_missing_prefix PASSED [ 15%]
tests/unit/test_builder.py::TestFixedTagsShorthand::test_fixed_tags_produces_fixed_tag PASSED [ 15%]
tests/unit/test_builder.py::TestFixedTagsShorthand::test_fixed_tags_with_callable_mixed PASSED [ 15%]
tests/unit/test_builder.py::TestFixedTagsShorthand::test_fixed_tags_in_multi_count PASSED [ 15%]
tests/unit/test_builder.py::TestFixedTag::test_fixed_tag_always_returns_same_tag PASSED [ 15%]
tests/unit/test_builder.py::TestFixedTag::test_fixed_tag_works_as_tag_generator_in_build PASSED [ 15%]
tests/unit/test_builder.py::test_build_result_has_device_registry PASSED [ 15%]
tests/unit/test_builder.py::test_build_result_device_registry_default_empty PASSED [ 15%]
tests/unit/test_builder.py::test_build_result_has_wire_connections PASSED [ 15%]
tests/unit/test_builder.py::test_build_result_wire_connections_default_empty PASSED [ 15%]
tests/unit/test_builder.py::test_wire_connections_includes_symbol_to_symbol PASSED [ 16%]
tests/unit/test_builder.py::test_wire_connections_includes_terminal_connections PASSED [ 16%]
tests/unit/test_cable_export.py::TestGenerateCableCsv::test_single_cable_device PASSED [ 16%]
tests/unit/test_cable_export.py::TestGenerateCableCsv::test_multi_cable_device PASSED [ 16%]
tests/unit/test_cable_export.py::TestGenerateCableCsv::test_csv_contents PASSED [ 16%]
tests/unit/test_cable_export.py::TestGenerateCableCsv::test_no_field_device PASSED [ 16%]
tests/unit/test_cable_export.py::TestGenerateCableCsv::test_cable_titles_mapping PASSED [ 16%]
tests/unit/test_cable_registry.py::test_cable_spec_label_property PASSED [ 16%]
tests/unit/test_cable_registry.py::test_cable_spec_label_format PASSED   [ 16%]
tests/unit/test_cable_registry.py::test_cable_spec_frozen PASSED         [ 16%]
tests/unit/test_cable_registry.py::test_cable_spec_default_description PASSED [ 16%]
tests/unit/test_cable_registry.py::test_registry_register_and_get PASSED [ 16%]
tests/unit/test_cable_registry.py::test_registry_duplicate_raises PASSED [ 16%]
tests/unit/test_cable_registry.py::test_registry_get_nonexistent_raises PASSED [ 16%]
tests/unit/test_cable_registry.py::test_registry_by_device PASSED        [ 17%]
tests/unit/test_cable_registry.py::test_registry_by_device_as_source_only PASSED [ 17%]
tests/unit/test_cable_registry.py::test_registry_by_device_no_match PASSED [ 17%]
tests/unit/test_cable_registry.py::test_registry_contains PASSED         [ 17%]
tests/unit/test_cable_registry.py::test_registry_len PASSED              [ 17%]
tests/unit/test_cable_registry.py::test_registry_iter PASSED             [ 17%]
tests/unit/test_cable_registry.py::test_registry_cables_property PASSED  [ 17%]
tests/unit/test_cable_registry.py::test_registry_cables_returns_copy PASSED [ 17%]
tests/unit/test_cable_registry.py::test_registry_empty_cables PASSED     [ 17%]
tests/unit/test_catalog.py::test_register_and_get PASSED                 [ 17%]
tests/unit/test_catalog.py::test_duplicate_raises PASSED                 [ 17%]
tests/unit/test_catalog.py::test_get_missing_raises PASSED               [ 17%]
tests/unit/test_catalog.py::test_contains PASSED                         [ 17%]
tests/unit/test_catalog.py::test_len PASSED                              [ 17%]
tests/unit/test_catalog.py::test_instruments_filter PASSED               [ 17%]
tests/unit/test_catalog.py::test_electrical_filter PASSED                [ 18%]
tests/unit/test_catalog.py::test_cross_referenced PASSED                 [ 18%]
tests/unit/test_catalog.py::test_cross_reference_table PASSED            [ 18%]
tests/unit/test_catalog.py::test_instrument_spec_tag PASSED              [ 18%]
tests/unit/test_catalog.py::test_devices_property PASSED                 [ 18%]
tests/unit/test_catalog.py::test_iter PASSED                             [ 18%]
tests/unit/test_catalog.py::test_pid_builder_with_catalog PASSED         [ 18%]
tests/unit/test_catalog.py::test_pid_builder_catalog_no_process_spec_raises PASSED [ 18%]
tests/unit/test_catalog.py::test_pid_builder_catalog_missing_tag_raises PASSED [ 18%]
tests/unit/test_connection_registry.py::TestTerminalRegistry::test_empty_registry PASSED [ 18%]
tests/unit/test_connection_registry.py::TestTerminalRegistry::test_add_connection_returns_new_registry PASSED [ 18%]
tests/unit/test_connection_registry.py::TestTerminalRegistry::test_add_connection_data PASSED [ 18%]
tests/unit/test_connection_registry.py::TestTerminalRegistry::test_add_connection_accumulates PASSED [ 18%]
tests/unit/test_connection_registry.py::TestTerminalRegistry::test_add_connections_batch PASSED [ 18%]
tests/unit/test_connection_registry.py::TestTerminalRegistry::test_add_connections_appends_to_existing PASSED [ 19%]
tests/unit/test_connection_registry.py::TestTerminalRegistry::test_add_connections_empty_list PASSED [ 19%]
tests/unit/test_connection_registry.py::TestTerminalRegistry::test_registry_is_frozen PASSED [ 19%]
tests/unit/test_connection_registry.py::TestTerminalRegistry::test_connection_is_frozen PASSED [ 19%]
tests/unit/test_connection_registry.py::TestGetUpdateRegistry::test_get_registry_returns_default PASSED [ 19%]
tests/unit/test_connection_registry.py::TestGetUpdateRegistry::test_update_registry_replaces PASSED [ 19%]
tests/unit/test_connection_registry.py::TestRegisterConnection::test_single_registration PASSED [ 19%]
tests/unit/test_connection_registry.py::TestRegisterConnection::test_default_side_is_bottom PASSED [ 19%]
tests/unit/test_connection_registry.py::TestRegisterConnection::test_top_side PASSED [ 19%]
tests/unit/test_connection_registry.py::TestRegisterConnection::test_multiple_registrations_accumulate PASSED [ 19%]
tests/unit/test_connection_registry.py::TestRegisterConnection::test_different_terminals PASSED [ 19%]
tests/unit/test_connection_registry.py::TestRegister3PhaseConnections::test_three_phase_registers_3_connections PASSED [ 19%]
tests/unit/test_connection_registry.py::TestRegister3PhaseConnections::test_three_phase_correct_mapping PASSED [ 19%]
tests/unit/test_connection_registry.py::TestRegister3PhaseConnections::test_default_side_is_bottom PASSED [ 19%]
tests/unit/test_connection_registry.py::TestRegister3PhaseConnections::test_top_side PASSED [ 19%]
tests/unit/test_connection_registry.py::TestRegister3PhaseConnections::test_fewer_than_3_pins PASSED [ 20%]
tests/unit/test_connection_registry.py::TestRegister3PhaseConnections::test_more_than_3_pins_caps_at_3 PASSED [ 20%]
tests/unit/test_connection_registry.py::TestRegister3PhaseInputOutput::test_input_uses_default_pins_1_3_5 PASSED [ 20%]
tests/unit/test_connection_registry.py::TestRegister3PhaseInputOutput::test_input_custom_component_pins PASSED [ 20%]
tests/unit/test_connection_registry.py::TestRegister3PhaseInputOutput::test_output_uses_default_pins_2_4_6 PASSED [ 20%]
tests/unit/test_connection_registry.py::TestRegister3PhaseInputOutput::test_output_custom_component_pins PASSED [ 20%]
tests/unit/test_connection_registry.py::TestRegister3PhaseInputOutput::test_input_then_output_accumulates PASSED [ 20%]
tests/unit/test_connection_registry.py::TestPinSortKey::test_numeric_pins_sort_numerically PASSED [ 20%]
tests/unit/test_connection_registry.py::TestPinSortKey::test_prefixed_pins_sort_by_prefix_then_number PASSED [ 20%]
tests/unit/test_connection_registry.py::TestPinSortKey::test_prefixed_pins_before_numeric PASSED [ 20%]
tests/unit/test_connection_registry.py::TestPinSortKey::test_different_terminal_tags_sort_first PASSED [ 20%]
tests/unit/test_connection_registry.py::TestPinSortKey::test_non_numeric_pins_sort_last PASSED [ 20%]
tests/unit/test_connection_registry.py::TestPinSortKey::test_multiple_prefixed_groups PASSED [ 20%]
tests/unit/test_connection_registry.py::TestBuildAllPinKeys::test_no_state_returns_sorted_existing_keys PASSED [ 20%]
tests/unit/test_connection_registry.py::TestBuildAllPinKeys::test_sequential_gap_filling PASSED [ 20%]
tests/unit/test_connection_registry.py::TestBuildAllPinKeys::test_prefixed_gap_filling PASSED [ 21%]
tests/unit/test_connection_registry.py::TestBuildAllPinKeys::test_mixed_terminals PASSED [ 21%]
tests/unit/test_connection_registry.py::TestBuildAllPinKeys::test_no_gap_when_counter_matches PASSED [ 21%]
tests/unit/test_connection_registry.py::TestBuildAllPinKeys::test_terminal_not_in_grouped_is_ignored PASSED [ 21%]
tests/unit/test_connection_registry.py::TestExportRegistryToCsv::test_basic_export PASSED [ 21%]
tests/unit/test_connection_registry.py::TestExportRegistryToCsv::test_multiple_rows PASSED [ 21%]
tests/unit/test_connection_registry.py::TestExportRegistryToCsv::test_empty_registry PASSED [ 21%]
tests/unit/test_connection_registry.py::TestExportRegistryToCsv::test_empty_slots_with_state PASSED [ 21%]
tests/unit/test_connection_registry.py::TestExportRegistryToCsv::test_export_with_both_sides PASSED [ 21%]
tests/unit/test_connection_registry.py::TestExportRegistryToCsv::test_export_multiple_components_same_pin PASSED [ 21%]
tests/unit/test_connection_registry.py::TestExportRegistryToCsv::test_export_without_state PASSED [ 21%]
tests/unit/test_connection_registry.py::TestExportRegistryToCsv::test_export_prefixed_pins_with_gaps PASSED [ 21%]
tests/unit/test_connection_registry.py::TestExportRegistryToCsv::test_export_sorted_output PASSED [ 21%]
tests/unit/test_connection_registry.py::TestIntegration::test_full_3phase_input_output_export PASSED [ 21%]
tests/unit/test_connection_registry.py::TestIntegration::test_multiple_components_on_same_terminal PASSED [ 22%]
tests/unit/test_descriptors.py::test_ref_descriptor PASSED               [ 22%]
tests/unit/test_descriptors.py::test_comp_descriptor PASSED              [ 22%]
tests/unit/test_descriptors.py::test_comp_descriptor_no_pins PASSED      [ 22%]
tests/unit/test_descriptors.py::test_term_descriptor PASSED              [ 22%]
tests/unit/test_descriptors.py::test_term_descriptor_with_poles PASSED   [ 22%]
tests/unit/test_descriptors.py::test_descriptors_are_frozen PASSED       [ 22%]
tests/unit/test_descriptors.py::test_build_from_descriptors_simple PASSED [ 22%]
tests/unit/test_descriptors.py::test_build_from_descriptors_with_count PASSED [ 22%]
tests/unit/test_descriptors.py::test_build_from_descriptors_with_ref PASSED [ 22%]
tests/unit/test_descriptors.py::test_build_from_descriptors_with_reuse_tags PASSED [ 22%]
tests/unit/test_descriptors.py::test_build_from_descriptors_with_wire_labels PASSED [ 22%]
tests/unit/test_exceptions.py::test_port_not_found_includes_available PASSED [ 22%]
tests/unit/test_exceptions.py::test_component_not_found_message PASSED   [ 22%]
tests/unit/test_exceptions.py::test_tag_reuse_exhausted_message PASSED   [ 22%]
tests/unit/test_exceptions.py::test_wire_label_count_mismatch_message PASSED [ 23%]
tests/unit/test_exceptions.py::test_wire_label_count_mismatch_no_circuit_key PASSED [ 23%]
tests/unit/test_exceptions.py::test_all_inherit_from_circuit_validation_error PASSED [ 23%]
tests/unit/test_exceptions.py::test_circuit_validation_error_is_exception PASSED [ 23%]
tests/unit/test_export_utils.py::TestTerminalPinSortKey::test_numeric_ordering PASSED [ 23%]
tests/unit/test_export_utils.py::TestTerminalPinSortKey::test_prefixed_pins PASSED [ 23%]
tests/unit/test_export_utils.py::TestTerminalPinSortKey::test_mixed_numeric_and_prefixed PASSED [ 23%]
tests/unit/test_export_utils.py::TestTerminalPinSortKey::test_single_pin PASSED [ 23%]
tests/unit/test_export_utils.py::TestTerminalPinSortKey::test_empty_string PASSED [ 23%]
tests/unit/test_export_utils.py::TestTerminalPinSortKey::test_pure_alpha_pins PASSED [ 23%]
tests/unit/test_export_utils.py::TestMergeTerminalRows::test_two_from_entries_one_moved_to_to PASSED [ 23%]
tests/unit/test_export_utils.py::TestMergeTerminalRows::test_from_and_to_already_filled PASSED [ 23%]
tests/unit/test_export_utils.py::TestMergeTerminalRows::test_two_to_entries_one_moved_to_from PASSED [ 23%]
tests/unit/test_export_utils.py::TestMergeTerminalRows::test_bridge_preserved PASSED [ 23%]
tests/unit/test_export_utils.py::TestMergeTerminalRows::test_bridge_from_second_row PASSED [ 23%]
tests/unit/test_export_utils.py::TestMergeTerminalRows::test_single_row_passthrough PASSED [ 24%]
tests/unit/test_export_utils.py::TestMergeTerminalRows::test_all_empty_entries PASSED [ 24%]
tests/unit/test_export_utils.py::TestMergeTerminalRows::test_result_always_seven_columns PASSED [ 24%]
tests/unit/test_export_utils.py::TestMergeTerminalCsv::test_no_duplicates_just_sorts PASSED [ 24%]
tests/unit/test_export_utils.py::TestMergeTerminalCsv::test_duplicates_merged PASSED [ 24%]
tests/unit/test_export_utils.py::TestMergeTerminalCsv::test_bridge_column_preserved PASSED [ 24%]
tests/unit/test_export_utils.py::TestMergeTerminalCsv::test_prefixed_pins_sorted_correctly PASSED [ 24%]
tests/unit/test_export_utils.py::TestMergeTerminalCsv::test_empty_csv_no_data_rows PASSED [ 24%]
tests/unit/test_export_utils.py::TestMergeTerminalCsv::test_header_preserved PASSED [ 24%]
tests/unit/test_export_utils.py::TestMergeTerminalCsv::test_file_not_found PASSED [ 24%]
tests/unit/test_export_utils.py::TestMergeTerminalCsv::test_multiple_terminals_sorted PASSED [ 24%]
tests/unit/test_export_utils.py::test_fill_empty_pin_slots_inserts_missing_sequential_pins PASSED [ 24%]
tests/unit/test_export_utils.py::test_fill_empty_pin_slots_inserts_missing_prefixed_pins PASSED [ 24%]
tests/unit/test_export_utils.py::test_apply_prefix_bridges_sets_group_numbers PASSED [ 24%]
tests/unit/test_export_utils.py::test_finalize_terminal_csv_round_trip PASSED [ 25%]
tests/unit/test_field_devices.py::TestPinDef::test_defaults PASSED       [ 25%]
tests/unit/test_field_devices.py::TestPinDef::test_with_terminal_and_plc PASSED [ 25%]
tests/unit/test_field_devices.py::TestPinDef::test_with_fixed_pin PASSED [ 25%]
tests/unit/test_field_devices.py::TestPinDef::test_with_prefix PASSED    [ 25%]
tests/unit/test_field_devices.py::TestPinDef::test_frozen PASSED         [ 25%]
tests/unit/test_field_devices.py::TestDeviceTemplate::test_construction PASSED [ 25%]
tests/unit/test_field_devices.py::TestDeviceTemplate::test_frozen PASSED [ 25%]
tests/unit/test_field_devices.py::TestPinDefSubclasses::test_sequential_pin_valid_creation PASSED [ 25%]
tests/unit/test_field_devices.py::TestPinDefSubclasses::test_sequential_pin_rejects_pin_prefix PASSED [ 25%]
tests/unit/test_field_devices.py::TestPinDefSubclasses::test_sequential_pin_rejects_terminal_pin PASSED [ 25%]
tests/unit/test_field_devices.py::TestPinDefSubclasses::test_prefixed_pin_valid_creation PASSED [ 25%]
tests/unit/test_field_devices.py::TestPinDefSubclasses::test_prefixed_pin_requires_pin_prefix PASSED [ 25%]
tests/unit/test_field_devices.py::TestPinDefSubclasses::test_prefixed_pin_rejects_terminal_pin PASSED [ 25%]
tests/unit/test_field_devices.py::TestPinDefSubclasses::test_fixed_pin_valid_creation PASSED [ 25%]
tests/unit/test_field_devices.py::TestPinDefSubclasses::test_fixed_pin_requires_terminal_pin PASSED [ 26%]
tests/unit/test_field_devices.py::TestPinDefSubclasses::test_fixed_pin_rejects_pin_prefix PASSED [ 26%]
tests/unit/test_field_devices.py::TestPinDefSubclasses::test_subclasses_work_in_device_template PASSED [ 26%]
tests/unit/test_field_devices.py::TestSequentialPins::test_single_device PASSED [ 26%]
tests/unit/test_field_devices.py::TestSequentialPins::test_multiple_devices_same_terminal PASSED [ 26%]
tests/unit/test_field_devices.py::TestSequentialPins::test_different_terminals PASSED [ 26%]
tests/unit/test_field_devices.py::TestPrefixedPins::test_single_device_prefixed PASSED [ 26%]
tests/unit/test_field_devices.py::TestPrefixedPins::test_multiple_devices_prefixed PASSED [ 26%]
tests/unit/test_field_devices.py::TestPrefixedPins::test_partial_prefix_overlap PASSED [ 26%]
tests/unit/test_field_devices.py::TestFixedPins::test_fixed_pins PASSED  [ 26%]
tests/unit/test_field_devices.py::TestFixedPins::test_fixed_pins_do_not_affect_sequential PASSED [ 26%]
tests/unit/test_field_devices.py::TestTerminalOverride::test_override_fills_missing_terminals PASSED [ 26%]
tests/unit/test_field_devices.py::TestTerminalOverride::test_pindef_terminal_takes_precedence PASSED [ 26%]
tests/unit/test_field_devices.py::TestErrors::test_missing_terminal_raises PASSED [ 26%]
tests/unit/test_field_devices.py::TestPlcReferences::test_plc_tag_present PASSED [ 26%]
tests/unit/test_field_devices.py::TestPlcReferences::test_plc_tag_absent PASSED [ 27%]
tests/unit/test_field_devices.py::TestReuseTerminals::test_reuse_from_list PASSED [ 27%]
tests/unit/test_field_devices.py::TestReuseTerminals::test_reuse_does_not_affect_other_terminals PASSED [ 27%]
tests/unit/test_field_devices.py::TestMixedModes::test_mixed_fixed_and_sequential PASSED [ 27%]
tests/unit/test_field_devices.py::TestConnectionRowStructure::test_row_has_six_fields PASSED [ 27%]
tests/unit/test_field_devices.py::TestConnectionRowStructure::test_row_fields_are_correct_types PASSED [ 27%]
tests/unit/test_field_devices.py::TestEmptyInput::test_empty_device_list PASSED [ 27%]
tests/unit/test_field_devices.py::TestTemplateReuse::test_matched_devices_get_reused_pins PASSED [ 27%]
tests/unit/test_field_devices.py::TestTemplateReuse::test_non_matched_devices_skip_reserved_pins PASSED [ 27%]
tests/unit/test_field_devices.py::TestTemplateReuse::test_template_reuse_with_global_reuse PASSED [ 27%]
tests/unit/test_field_devices.py::TestTemplateReuse::test_template_reuse_does_not_affect_other_terminals PASSED [ 27%]
tests/unit/test_field_devices.py::TestTemplateReuse::test_empty_template_reuse PASSED [ 27%]
tests/unit/test_field_devices.py::TestTemplateReuse::test_shared_iterator_across_templates PASSED [ 27%]
tests/unit/test_frame_generator.py::test_a3_dimensions PASSED            [ 27%]
tests/unit/test_frame_generator.py::test_content_dimensions PASSED       [ 28%]
tests/unit/test_frame_generator.py::test_inner_frame_positions PASSED    [ 28%]
tests/unit/test_frame_generator.py::test_generate_frame_returns_circuit PASSED [ 28%]
tests/unit/test_frame_generator.py::test_generate_frame_has_grid_labels PASSED [ 28%]
tests/unit/test_frame_generator.py::test_generate_frame_custom_font PASSED [ 28%]
tests/unit/test_frame_generator.py::test_generate_frame_has_lines PASSED [ 28%]
tests/unit/test_internal_device.py::test_internal_device_creation PASSED [ 28%]
tests/unit/test_internal_device.py::test_internal_device_is_frozen PASSED [ 28%]
tests/unit/test_internal_device.py::test_internal_device_equality PASSED [ 28%]
tests/unit/test_layout.py::TestLayoutUnit::test_layout_horizontal PASSED [ 28%]
tests/unit/test_layout.py::TestGetConnectionPorts::test_returns_matching_down_ports PASSED [ 28%]
tests/unit/test_layout.py::TestGetConnectionPorts::test_returns_matching_up_ports PASSED [ 28%]
tests/unit/test_layout.py::TestGetConnectionPorts::test_returns_matching_right_ports PASSED [ 28%]
tests/unit/test_layout.py::TestGetConnectionPorts::test_returns_empty_when_no_match PASSED [ 28%]
tests/unit/test_layout.py::TestGetConnectionPorts::test_empty_ports_symbol PASSED [ 28%]
tests/unit/test_layout.py::TestGetConnectionPorts::test_deduplicates_spatially_coincident_ports PASSED [ 29%]
tests/unit/test_layout.py::TestGetConnectionPorts::test_does_not_deduplicate_different_positions PASSED [ 29%]
tests/unit/test_layout.py::TestGetConnectionPorts::test_near_zero_direction_matches PASSED [ 29%]
tests/unit/test_layout.py::TestAutoConnect::test_single_aligned_pair PASSED [ 29%]
tests/unit/test_layout.py::TestAutoConnect::test_multiple_aligned_pairs PASSED [ 29%]
tests/unit/test_layout.py::TestAutoConnect::test_no_alignment_no_lines PASSED [ 29%]
tests/unit/test_layout.py::TestAutoConnect::test_partial_alignment PASSED [ 29%]
tests/unit/test_layout.py::TestAutoConnect::test_tolerance_boundary_just_inside PASSED [ 29%]
tests/unit/test_layout.py::TestAutoConnect::test_tolerance_boundary_just_outside PASSED [ 29%]
tests/unit/test_layout.py::TestAutoConnect::test_empty_symbols PASSED    [ 29%]
tests/unit/test_layout.py::TestAutoConnect::test_ignores_non_matching_directions PASSED [ 29%]
tests/unit/test_layout.py::TestAutoConnect::test_returned_lines_have_style PASSED [ 29%]
tests/unit/test_layout.py::TestFindMatchingPorts::test_basic_matching PASSED [ 29%]
tests/unit/test_layout.py::TestFindMatchingPorts::test_sorted_by_x_position PASSED [ 29%]
tests/unit/test_layout.py::TestFindMatchingPorts::test_no_matching_ports PASSED [ 30%]
tests/unit/test_layout.py::TestFindMatchingPorts::test_empty_lists PASSED [ 30%]
tests/unit/test_layout.py::TestFindMatchingPorts::test_partial_match PASSED [ 30%]
tests/unit/test_layout.py::TestFindMatchingPorts::test_tolerance_matching PASSED [ 30%]
tests/unit/test_layout.py::TestFindMatchingPorts::test_first_match_wins PASSED [ 30%]
tests/unit/test_layout.py::TestGetWireLabelSpec::test_none_specs_returns_empty PASSED [ 30%]
tests/unit/test_layout.py::TestGetWireLabelSpec::test_empty_dict_returns_empty PASSED [ 30%]
tests/unit/test_layout.py::TestGetWireLabelSpec::test_empty_list_returns_empty PASSED [ 30%]
tests/unit/test_layout.py::TestGetWireLabelSpec::test_dict_lookup_by_port_id PASSED [ 30%]
tests/unit/test_layout.py::TestGetWireLabelSpec::test_dict_lookup_missing_key PASSED [ 30%]
tests/unit/test_layout.py::TestGetWireLabelSpec::test_list_lookup_by_index PASSED [ 30%]
tests/unit/test_layout.py::TestGetWireLabelSpec::test_list_index_out_of_range PASSED [ 30%]
tests/unit/test_layout.py::TestGetWireLabelSpec::test_non_tuple_in_dict_returns_empty PASSED [ 30%]
tests/unit/test_layout.py::TestGetWireLabelSpec::test_non_tuple_in_list_returns_empty PASSED [ 30%]
tests/unit/test_layout.py::TestAutoConnectLabeled::test_basic_labeled_connection PASSED [ 30%]
tests/unit/test_layout.py::TestAutoConnectLabeled::test_no_specs_still_creates_lines PASSED [ 31%]
tests/unit/test_layout.py::TestAutoConnectLabeled::test_empty_specs_creates_lines_without_labels PASSED [ 31%]
tests/unit/test_layout.py::TestAutoConnectLabeled::test_multiple_connections_with_list_specs PASSED [ 31%]
tests/unit/test_layout.py::TestAutoConnectLabeled::test_dict_specs_keyed_by_port_id PASSED [ 31%]
tests/unit/test_layout.py::TestAutoConnectLabeled::test_no_aligned_ports_produces_nothing PASSED [ 31%]
tests/unit/test_layout.py::TestLayoutVerticalChain::test_basic_vertical_chain PASSED [ 31%]
tests/unit/test_layout.py::TestLayoutVerticalChain::test_single_symbol_no_connections PASSED [ 31%]
tests/unit/test_layout.py::TestLayoutVerticalChain::test_vertical_positions PASSED [ 31%]
tests/unit/test_layout.py::TestLayoutVerticalChain::test_empty_list PASSED [ 31%]
tests/unit/test_layout.py::TestLayoutVerticalChain::test_three_symbol_chain_with_connections PASSED [ 31%]
tests/unit/test_layout.py::TestLayoutVerticalChain::test_horizontal_position_preserved PASSED [ 31%]
tests/unit/test_layout.py::TestLayoutHorizontalAdditional::test_count_zero_produces_empty PASSED [ 31%]
tests/unit/test_layout.py::TestLayoutHorizontalAdditional::test_y_position_is_constant PASSED [ 31%]
tests/unit/test_layout.py::TestLayoutHorizontalAdditional::test_state_threading PASSED [ 31%]
tests/unit/test_layout.py::TestLayoutHorizontalAdditional::test_single_instance PASSED [ 31%]
tests/unit/test_layout.py::TestCreateHorizontalLayout::test_basic_horizontal_layout PASSED [ 32%]
tests/unit/test_layout.py::TestCreateHorizontalLayout::test_count_zero PASSED [ 32%]
tests/unit/test_layout.py::TestCreateHorizontalLayout::test_tag_generators_merging PASSED [ 32%]
tests/unit/test_layout.py::TestCreateHorizontalLayout::test_default_tag_generators_not_mutated PASSED [ 32%]
tests/unit/test_layout.py::TestCreateHorizontalLayout::test_terminal_maps_default_to_empty PASSED [ 32%]
tests/unit/test_layout.py::TestCreateHorizontalLayout::test_terminal_maps_passed_through PASSED [ 32%]
tests/unit/test_layout.py::TestCreateHorizontalLayout::test_index_passed_to_generator PASSED [ 32%]
tests/unit/test_layout.py::TestCreateHorizontalLayout::test_state_threading_across_instances PASSED [ 32%]
tests/unit/test_layout.py::TestCreateHorizontalLayout::test_tag_generators_none PASSED [ 32%]
tests/unit/test_layout.py::TestCreateHorizontalLayout::test_start_position_offset PASSED [ 32%]
tests/unit/test_markdown_converter.py::test_missing_file_returns_empty PASSED [ 32%]
tests/unit/test_markdown_converter.py::test_heading_conversion PASSED    [ 32%]
tests/unit/test_markdown_converter.py::test_paragraph_conversion PASSED  [ 32%]
tests/unit/test_markdown_converter.py::test_table_conversion PASSED      [ 32%]
tests/unit/test_markdown_converter.py::test_pagebreak_appended PASSED    [ 33%]
tests/unit/test_markdown_converter.py::test_notice_block PASSED          [ 33%]
tests/unit/test_markdown_converter.py::test_no_notice_by_default PASSED  [ 33%]
tests/unit/test_markdown_converter.py::test_custom_width PASSED          [ 33%]
tests/unit/test_mcp_smoke.py::test_server_module_imports PASSED          [ 33%]
tests/unit/test_mcp_smoke.py::test_fastmcp_instance_is_built PASSED      [ 33%]
tests/unit/test_mcp_smoke.py::test_symbol_catalog_non_empty PASSED       [ 33%]
tests/unit/test_model_core.py::TestModelCore::test_vector_creation_and_ops PASSED [ 33%]
tests/unit/test_model_core.py::TestModelCore::test_point_creation_and_ops PASSED [ 33%]
tests/unit/test_model_core.py::TestModelCore::test_immutability PASSED   [ 33%]
tests/unit/test_model_core.py::TestModelCore::test_style_defaults PASSED [ 33%]
tests/unit/test_model_core.py::TestModelCore::test_port_and_symbol PASSED [ 33%]
tests/unit/test_model_core.py::TestStandardPins::test_coil_pins PASSED   [ 33%]
tests/unit/test_model_core.py::TestStandardPins::test_no_contact_pins PASSED [ 33%]
tests/unit/test_model_core.py::TestStandardPins::test_nc_contact_pins PASSED [ 33%]
tests/unit/test_model_core.py::TestStandardPins::test_cb_3p_pins PASSED  [ 34%]
tests/unit/test_model_core.py::TestStandardPins::test_cb_2p_pins PASSED  [ 34%]
tests/unit/test_model_core.py::TestStandardPins::test_contactor_3p_pins PASSED [ 34%]
tests/unit/test_model_core.py::TestStandardPins::test_thermal_overload_pins PASSED [ 34%]
tests/unit/test_parts.py::TestPartsUnit::test_standard_text PASSED       [ 34%]
tests/unit/test_parts.py::TestPartsUnit::test_terminal_circle PASSED     [ 34%]
tests/unit/test_parts.py::TestPartsUnit::test_box PASSED                 [ 34%]
tests/unit/test_parts.py::TestPartsUnit::test_create_pin_labels PASSED   [ 34%]
tests/unit/test_parts.py::TestPartsUnit::test_create_pin_labels_preserves_insertion_order PASSED [ 34%]
tests/unit/test_pcb_adapter.py::TestBasicAdaptation::test_two_fuses_two_nets PASSED [ 34%]
tests/unit/test_pcb_adapter.py::TestBasicAdaptation::test_part_order_preserved PASSED [ 34%]
tests/unit/test_pcb_adapter.py::TestBasicAdaptation::test_pin_numbers_stringified PASSED [ 34%]
tests/unit/test_pcb_adapter.py::TestNCNetExclusion::test_nc_net_excluded PASSED [ 34%]
tests/unit/test_pcb_adapter.py::TestSinglePinNets::test_one_pin_net_included PASSED [ 34%]
tests/unit/test_pcb_adapter.py::TestSelfLoopNets::test_self_loop_net_included PASSED [ 34%]
tests/unit/test_pcb_adapter.py::TestPinRefIntegrity::test_pin_refs_correct_structure PASSED [ 35%]
tests/unit/test_pcb_adapter.py::TestMultiNetIntegration::test_three_part_star_topology PASSED [ 35%]
tests/unit/test_pcb_adapter.py::TestDataclassProperties::test_circuit_ir_frozen PASSED [ 35%]
tests/unit/test_pcb_adapter.py::TestDataclassProperties::test_part_ref_frozen PASSED [ 35%]
tests/unit/test_pcb_adapter.py::TestDataclassProperties::test_pin_ref_frozen PASSED [ 35%]
tests/unit/test_pcb_adapter.py::TestDataclassProperties::test_net_ref_frozen PASSED [ 35%]
tests/unit/test_pcb_chain_dedup.py::TestChainDedup::test_single_chain_produces_one_column PASSED [ 35%]
tests/unit/test_pcb_chain_dedup.py::TestChainDedup::test_chain_net_not_walked_twice PASSED [ 35%]
tests/unit/test_pcb_chain_dedup.py::TestChainDedup::test_two_independent_chains_two_columns PASSED [ 35%]
tests/unit/test_pcb_chain_dedup.py::TestChainDedup::test_column_keys_unique PASSED [ 35%]
tests/unit/test_pcb_classify_nets.py::TestDroppedNets::test_zero_pin_net_dropped PASSED [ 35%]
tests/unit/test_pcb_classify_nets.py::TestDroppedNets::test_one_pin_net_dropped PASSED [ 35%]
tests/unit/test_pcb_classify_nets.py::TestChainNets::test_two_pin_net_is_chain PASSED [ 35%]
tests/unit/test_pcb_classify_nets.py::TestChainNets::test_exactly_two_pins_is_chain PASSED [ 35%]
tests/unit/test_pcb_classify_nets.py::TestPowerNets::test_three_pin_net_in_power_nets_is_power PASSED [ 36%]
tests/unit/test_pcb_classify_nets.py::TestPowerNets::test_four_pin_power_net PASSED [ 36%]
tests/unit/test_pcb_classify_nets.py::TestLabelNets::test_three_pin_net_not_in_power_nets_is_label PASSED [ 36%]
tests/unit/test_pcb_classify_nets.py::TestLabelNets::test_five_pin_net_not_in_power_nets_is_label PASSED [ 36%]
tests/unit/test_pcb_classify_nets.py::TestLabelNets::test_power_net_name_but_only_two_pins_is_chain PASSED [ 36%]
tests/unit/test_pcb_classify_nets.py::TestMultipleNets::test_mixed_kinds PASSED [ 36%]
tests/unit/test_pcb_connector_pin_symbol.py::TestConnectorPinSymbol::test_returns_symbol_with_exactly_one_port PASSED [ 36%]
tests/unit/test_pcb_connector_pin_symbol.py::TestConnectorPinSymbol::test_port_direction_faces_outward_downward PASSED [ 36%]
tests/unit/test_pcb_connector_pin_symbol.py::TestConnectorPinSymbol::test_glyph_is_square_and_roughly_twice_terminal_size PASSED [ 36%]
tests/unit/test_pcb_connector_pin_symbol.py::TestConnectorPinSymbol::test_label_text_present_when_provided PASSED [ 36%]
tests/unit/test_pcb_connector_pin_symbol.py::TestConnectorPinSymbol::test_label_text_absent_when_empty PASSED [ 36%]
tests/unit/test_pcb_connector_pin_symbol.py::TestConnectorPinSymbol::test_pin_label_renders_when_provided PASSED [ 36%]
tests/unit/test_pcb_connector_pin_symbol.py::TestConnectorPinSymbol::test_label_pos_right_shifts_anchor PASSED [ 36%]
tests/unit/test_pcb_connector_pin_symbol.py::TestConnectorPinSymbol::test_invalid_label_pos_raises PASSED [ 36%]
tests/unit/test_pcb_errors.py::test_pcb_build_error_is_exception PASSED  [ 36%]
tests/unit/test_pcb_errors.py::test_pin_not_on_template_error PASSED     [ 37%]
tests/unit/test_pcb_errors.py::test_port_not_on_symbol_error PASSED      [ 37%]
tests/unit/test_pcb_errors.py::test_multi_pin_slice_error PASSED         [ 37%]
tests/unit/test_pcb_errors.py::test_incomplete_slice_error_missing PASSED [ 37%]
tests/unit/test_pcb_errors.py::test_incomplete_slice_error_duplicates PASSED [ 37%]
tests/unit/test_pcb_errors.py::test_duplicate_mapping_error PASSED       [ 37%]
tests/unit/test_pcb_errors.py::test_unmapped_part_error PASSED           [ 37%]
tests/unit/test_pcb_errors.py::test_orphan_slice_error PASSED            [ 37%]
tests/unit/test_pcb_errors.py::test_height_overflow_error PASSED         [ 37%]
tests/unit/test_pcb_errors.py::test_all_errors_inherit_from_pcb_build_error PASSED [ 37%]
tests/unit/test_pcb_juicebox_smoke.py::test_juicebox_smoke PASSED        [ 37%]
tests/unit/test_pcb_model.py::test_symbol_slice_is_frozen PASSED         [ 37%]
tests/unit/test_pcb_model.py::test_symbol_mapping_minimal_constructs PASSED [ 37%]
tests/unit/test_pcb_model.py::test_symbol_mapping_equality PASSED        [ 37%]
tests/unit/test_pcb_model.py::test_pcb_build_result_defaults_pages_empty PASSED [ 38%]
tests/unit/test_pcb_model.py::test_pcb_build_result_frozen PASSED        [ 38%]
tests/unit/test_pcb_model.py::test_rule1_pass_distinct_symbol_templates PASSED [ 38%]
tests/unit/test_pcb_model.py::test_rule1_fail_duplicate_symbol_template PASSED [ 38%]
tests/unit/test_pcb_model.py::test_rule2_pass_distinct_connector_templates PASSED [ 38%]
tests/unit/test_pcb_model.py::test_rule2_fail_duplicate_connector_template PASSED [ 38%]
tests/unit/test_pcb_model.py::test_rule3_pass_distinct_power_net_names PASSED [ 38%]
tests/unit/test_pcb_model.py::test_rule3_fail_duplicate_power_net_name PASSED [ 38%]
tests/unit/test_pcb_model.py::test_rule4_pass_two_entry_pin_map PASSED   [ 38%]
tests/unit/test_pcb_model.py::test_rule4_fail_one_entry_pin_map PASSED   [ 38%]
tests/unit/test_pcb_model.py::test_rule4_fail_three_entry_pin_map PASSED [ 38%]
tests/unit/test_pcb_model.py::test_rule5_pass_pin_key_present_on_template PASSED [ 38%]
tests/unit/test_pcb_model.py::test_rule5_fail_pin_key_not_on_template PASSED [ 38%]
tests/unit/test_pcb_model.py::test_rule6_pass_port_present_on_symbol PASSED [ 38%]
tests/unit/test_pcb_model.py::test_rule6_fail_port_not_on_symbol PASSED  [ 38%]
tests/unit/test_pcb_model.py::test_rule7_pass_two_slices_cover_all_pins PASSED [ 39%]
tests/unit/test_pcb_model.py::test_rule7_fail_missing_pin PASSED         [ 39%]
tests/unit/test_pcb_model.py::test_rule7_fail_duplicate_pin_across_slices PASSED [ 39%]
tests/unit/test_pcb_model.py::test_rule8_pass_connector_pin_symbol_single_port PASSED [ 39%]
tests/unit/test_pcb_model.py::test_rule8_fail_connector_pin_symbol_multi_port PASSED [ 39%]
tests/unit/test_pcb_model.py::test_rule9_pass_power_symbol_single_port PASSED [ 39%]
tests/unit/test_pcb_model.py::test_rule9_fail_power_symbol_multi_port PASSED [ 39%]
tests/unit/test_pcb_model.py::test_rule9_fail_power_symbol_zero_ports PASSED [ 39%]
tests/unit/test_pcb_page_packing.py::TestPackPagesBasic::test_single_column_single_page PASSED [ 39%]
tests/unit/test_pcb_page_packing.py::TestPackPagesBasic::test_empty_columns_no_pages PASSED [ 39%]
tests/unit/test_pcb_page_packing.py::TestPackPagesBasic::test_two_columns_fit_on_one_page PASSED [ 39%]
tests/unit/test_pcb_page_packing.py::TestPackPagesBasic::test_columns_overflow_to_second_page PASSED [ 39%]
tests/unit/test_pcb_page_packing.py::TestPackPagesAutoTitles::test_first_page_title_is_page_1 PASSED [ 39%]
tests/unit/test_pcb_page_packing.py::TestPackPagesAutoTitles::test_second_page_title_is_page_2 PASSED [ 39%]
tests/unit/test_pcb_page_packing.py::TestPackPagesAutoTitles::test_three_pages_correctly_titled PASSED [ 39%]
tests/unit/test_pcb_page_packing.py::TestPackPagesColumnGrouping::test_keys_preserved_in_order PASSED [ 40%]
tests/unit/test_pcb_page_packing.py::TestPackPagesColumnGrouping::test_all_columns_assigned_to_a_page PASSED [ 40%]
tests/unit/test_pcb_page_packing.py::TestPackPagesColumnGrouping::test_no_column_assigned_twice PASSED [ 40%]
tests/unit/test_pcb_page_packing.py::TestPackPagesColumnGrouping::test_result_is_tuple_of_tuples PASSED [ 40%]
tests/unit/test_pcb_page_packing.py::TestPackPagesColumnGrouping::test_wide_single_column_fits_on_its_own_page PASSED [ 40%]
tests/unit/test_pcb_rotation.py::TestShouldRotate::test_entry_port_facing_up_no_rotation PASSED [ 40%]
tests/unit/test_pcb_rotation.py::TestShouldRotate::test_entry_port_facing_down_needs_rotation PASSED [ 40%]
tests/unit/test_pcb_rotation.py::TestShouldRotate::test_entry_port_zero_direction_no_rotation PASSED [ 40%]
tests/unit/test_pcb_rotation.py::TestShouldRotate::test_unknown_port_no_rotation PASSED [ 40%]
tests/unit/test_pcb_rotation.py::TestRotationIntegration::test_connector_pin_entry_port_is_downward PASSED [ 40%]
tests/unit/test_pcb_rotation.py::TestRotationIntegration::test_fuse_entry_port_1_faces_up PASSED [ 40%]
tests/unit/test_pcb_traverse_bottom_connector.py::TestBottomConnectorRotation::test_bottom_connector_placed_symbol_is_rotated PASSED [ 40%]
tests/unit/test_pcb_traverse_bottom_connector.py::TestBottomConnectorRotation::test_top_connector_placed_symbol_not_rotated PASSED [ 40%]
tests/unit/test_pcb_traverse_bottom_connector.py::TestBottomConnectorRotation::test_build_with_bottom_connector PASSED [ 40%]
tests/unit/test_pcb_traverse_bottom_connector.py::TestBottomConnectorRotation::test_bottom_connector_column_not_empty PASSED [ 41%]
tests/unit/test_pcb_traverse_bottom_connector.py::TestBottomConnectorRotation::test_multiple_pins_bottom_connector PASSED [ 41%]
tests/unit/test_pcb_traverse_coil_on_power.py::TestCoilOnPower::test_coil_placed_no_orphan PASSED [ 41%]
tests/unit/test_pcb_traverse_coil_on_power.py::TestCoilOnPower::test_coil_column_exact_symbols XFAIL [ 41%]
tests/unit/test_pcb_traverse_coil_on_power.py::TestCoilOnPower::test_columns_have_keys PASSED [ 41%]
tests/unit/test_pcb_traverse_coil_on_power.py::TestCoilOnPower::test_pages_non_empty PASSED [ 41%]
tests/unit/test_pcb_traverse_coil_on_power.py::TestCoilOnPower::test_all_columns_in_pages PASSED [ 41%]
tests/unit/test_pcb_traverse_errors.py::TestUnmappedPartError::test_unmapped_part_raises PASSED [ 41%]
tests/unit/test_pcb_traverse_errors.py::TestUnmappedPartError::test_unmapped_part_error_has_ref PASSED [ 41%]
tests/unit/test_pcb_traverse_errors.py::TestOrphanSliceError::test_orphan_slice_raises XFAIL [ 41%]
tests/unit/test_pcb_traverse_errors.py::TestOrphanSliceError::test_orphan_slice_error_has_part_ref XFAIL [ 41%]
tests/unit/test_pcb_traverse_errors.py::TestHeightOverflowError::test_height_overflow_with_tiny_page PASSED [ 41%]
tests/unit/test_pcb_traverse_errors.py::TestHeightOverflowError::test_height_overflow_error_has_column_key PASSED [ 41%]
tests/unit/test_pcb_traverse_through_label.py::TestThroughLabel::test_label_net_classified_correctly PASSED [ 41%]
tests/unit/test_pcb_traverse_through_label.py::TestThroughLabel::test_multiple_columns_produced PASSED [ 41%]
tests/unit/test_pcb_traverse_through_label.py::TestThroughLabel::test_every_column_has_a_label_placeholder PASSED [ 42%]
tests/unit/test_pcb_traverse_through_label.py::TestThroughLabel::test_columns_have_keys PASSED [ 42%]
tests/unit/test_pcb_traverse_through_label.py::TestThroughLabel::test_all_columns_assigned_to_pages PASSED [ 42%]
tests/unit/test_pcb_traverse_top_to_power.py::TestTopToPower::test_produces_columns PASSED [ 42%]
tests/unit/test_pcb_traverse_top_to_power.py::TestTopToPower::test_power_net_classified PASSED [ 42%]
tests/unit/test_pcb_traverse_top_to_power.py::TestTopToPower::test_fuse_chain_net_classified PASSED [ 42%]
tests/unit/test_pcb_traverse_top_to_power.py::TestTopToPower::test_result_has_pages PASSED [ 42%]
tests/unit/test_pcb_traverse_top_to_power.py::TestTopToPower::test_page_title_auto_generated PASSED [ 42%]
tests/unit/test_pcb_traverse_top_to_top.py::TestTopToTop::test_produces_one_column PASSED [ 42%]
tests/unit/test_pcb_traverse_top_to_top.py::TestTopToTop::test_column_has_inter_symbol_wires PASSED [ 42%]
tests/unit/test_pcb_traverse_top_to_top.py::TestTopToTop::test_column_key_format PASSED [ 42%]
tests/unit/test_pcb_traverse_top_to_top.py::TestTopToTop::test_one_page_produced PASSED [ 42%]
tests/unit/test_pcb_traverse_top_to_top.py::TestTopToTop::test_page_contains_the_column PASSED [ 42%]
tests/unit/test_pcb_traverse_top_to_top.py::TestTopToTop::test_result_is_frozen PASSED [ 42%]
tests/unit/test_pcb_traverse_top_to_top.py::TestTopToTop::test_two_connectors_two_fuses_two_columns PASSED [ 42%]
tests/unit/test_pid_builder.py::test_builder_single_equipment PASSED     [ 43%]
tests/unit/test_pid_builder.py::test_builder_single_equipment_in_diagram PASSED [ 43%]
tests/unit/test_pid_builder.py::test_builder_chain PASSED                [ 43%]
tests/unit/test_pid_builder.py::test_builder_with_instrument PASSED      [ 43%]
tests/unit/test_pid_builder.py::test_builder_with_pipes PASSED           [ 43%]
tests/unit/test_pid_builder.py::test_builder_signal_line PASSED          [ 43%]
tests/unit/test_pid_builder.py::test_builder_duplicate_equipment_name_raises PASSED [ 43%]
tests/unit/test_pid_builder.py::test_builder_duplicate_instrument_name_raises PASSED [ 43%]
tests/unit/test_pid_builder.py::test_builder_equipment_and_instrument_same_name_raises PASSED [ 43%]
tests/unit/test_pid_builder.py::test_builder_invalid_relative_to_raises PASSED [ 43%]
tests/unit/test_pid_builder.py::test_builder_instrument_unknown_equipment_raises PASSED [ 43%]
tests/unit/test_pid_builder.py::test_builder_pipe_unknown_from_raises PASSED [ 43%]
tests/unit/test_pid_builder.py::test_builder_pipe_unknown_to_raises PASSED [ 43%]
tests/unit/test_pid_builder.py::test_builder_bad_port_on_placement_raises PASSED [ 43%]
tests/unit/test_pid_builder.py::test_builder_method_chaining PASSED      [ 44%]
tests/unit/test_pid_builder.py::test_add_equipment_returns_self PASSED   [ 44%]
tests/unit/test_pid_builder.py::test_add_instrument_returns_self PASSED  [ 44%]
tests/unit/test_pid_builder.py::test_pipe_returns_self PASSED            [ 44%]
tests/unit/test_pid_builder.py::test_signal_line_returns_self PASSED     [ 44%]
tests/unit/test_pid_builder.py::test_builder_state_threading PASSED      [ 44%]
tests/unit/test_pid_builder.py::test_builder_state_override_in_build PASSED [ 44%]
tests/unit/test_pid_builder.py::test_placement_aligns_ports PASSED       [ 44%]
tests/unit/test_pid_builder.py::test_global_offset_applied PASSED        [ 44%]
tests/unit/test_pid_builder.py::test_two_absolute_roots PASSED           [ 44%]
tests/unit/test_pid_builder.py::test_builder_render_integration PASSED   [ 44%]
tests/unit/test_pid_builder.py::test_builder_full_pipeline_with_instrument PASSED [ 44%]
tests/unit/test_pid_diagram.py::TestBoundingBox::test_properties PASSED  [ 44%]
tests/unit/test_pid_diagram.py::TestBoundingBox::test_zero_size PASSED   [ 44%]
tests/unit/test_pid_diagram.py::TestBoundingBox::test_immutable PASSED   [ 44%]
tests/unit/test_pid_diagram.py::TestComputeBoundingBox::test_line PASSED [ 45%]
tests/unit/test_pid_diagram.py::TestComputeBoundingBox::test_circle PASSED [ 45%]
tests/unit/test_pid_diagram.py::TestComputeBoundingBox::test_polygon PASSED [ 45%]
tests/unit/test_pid_diagram.py::TestComputeBoundingBox::test_text_uses_position PASSED [ 45%]
tests/unit/test_pid_diagram.py::TestComputeBoundingBox::test_empty_list_returns_zero PASSED [ 45%]
tests/unit/test_pid_diagram.py::TestComputeBoundingBox::test_symbol PASSED [ 45%]
tests/unit/test_pid_diagram.py::TestComputeBoundingBox::test_multiple_elements PASSED [ 45%]
tests/unit/test_pid_diagram.py::TestPIDDiagram::test_empty_diagram PASSED [ 45%]
tests/unit/test_pid_diagram.py::TestPIDDiagram::test_add_equipment_translates PASSED [ 45%]
tests/unit/test_pid_diagram.py::TestPIDDiagram::test_add_equipment_appended_to_diagram PASSED [ 45%]
tests/unit/test_pid_diagram.py::TestPIDDiagram::test_get_equipment_by_tag_found PASSED [ 45%]
tests/unit/test_pid_diagram.py::TestPIDDiagram::test_get_equipment_by_tag_not_found PASSED [ 45%]
tests/unit/test_pid_diagram.py::TestPIDDiagram::test_merge_diagrams PASSED [ 45%]
tests/unit/test_pid_diagram.py::TestPIDDiagram::test_merge_does_not_modify_source PASSED [ 45%]
tests/unit/test_pid_diagram.py::TestManhattanRoute::test_same_point_returns_single PASSED [ 46%]
tests/unit/test_pid_diagram.py::TestManhattanRoute::test_same_x_straight_vertical PASSED [ 46%]
tests/unit/test_pid_diagram.py::TestManhattanRoute::test_same_y_straight_horizontal PASSED [ 46%]
tests/unit/test_pid_diagram.py::TestManhattanRoute::test_horizontal_first PASSED [ 46%]
tests/unit/test_pid_diagram.py::TestManhattanRoute::test_vertical_first PASSED [ 46%]
tests/unit/test_pid_diagram.py::TestManhattanRoute::test_default_prefer_horizontal PASSED [ 46%]
tests/unit/test_pid_diagram.py::TestRenderPipe::test_basic_two_points_produces_one_line PASSED [ 46%]
tests/unit/test_pid_diagram.py::TestRenderPipe::test_three_point_path_produces_two_lines PASSED [ 46%]
tests/unit/test_pid_diagram.py::TestRenderPipe::test_signal_line_style PASSED [ 46%]
tests/unit/test_pid_diagram.py::TestRenderPipe::test_flow_arrow_created_when_enabled PASSED [ 46%]
tests/unit/test_pid_diagram.py::TestRenderPipe::test_no_flow_arrow_by_default PASSED [ 46%]
tests/unit/test_pid_diagram.py::TestRenderPipe::test_label_produces_text_element PASSED [ 46%]
tests/unit/test_pid_diagram.py::TestRenderPipe::test_no_label_no_text PASSED [ 46%]
tests/unit/test_pid_diagram.py::TestRenderPipe::test_single_waypoint_returns_empty PASSED [ 46%]
tests/unit/test_pid_diagram.py::TestRenderPipe::test_empty_waypoints_returns_empty PASSED [ 46%]
tests/unit/test_pid_diagram.py::TestCreateFlowArrow::test_right_arrow_is_polygon PASSED [ 47%]
tests/unit/test_pid_diagram.py::TestCreateFlowArrow::test_all_directions_work PASSED [ 47%]
tests/unit/test_pid_diagram.py::TestCreateFlowArrow::test_invalid_direction_raises PASSED [ 47%]
tests/unit/test_pid_diagram.py::TestCreateFlowArrow::test_arrow_has_three_vertices PASSED [ 47%]
tests/unit/test_pid_diagram.py::TestResolvePlacements::test_root_only PASSED [ 47%]
tests/unit/test_pid_diagram.py::TestResolvePlacements::test_simple_chain PASSED [ 47%]
tests/unit/test_pid_diagram.py::TestResolvePlacements::test_chain_with_offset PASSED [ 47%]
tests/unit/test_pid_diagram.py::TestResolvePlacements::test_branch PASSED [ 47%]
tests/unit/test_pid_diagram.py::TestResolvePlacements::test_cycle_detection_self_reference PASSED [ 47%]
tests/unit/test_pid_diagram.py::TestResolvePlacements::test_cycle_detection_mutual PASSED [ 47%]
tests/unit/test_pid_diagram.py::TestResolvePlacements::test_missing_anchor_raises PASSED [ 47%]
tests/unit/test_pid_diagram.py::TestResolvePlacements::test_missing_anchor_port_raises PASSED [ 47%]
tests/unit/test_pid_diagram.py::TestResolvePlacements::test_missing_my_port_raises PASSED [ 47%]
tests/unit/test_pid_diagram.py::TestResolvePlacements::test_missing_root_raises PASSED [ 47%]
tests/unit/test_pid_standards.py::TestISALetterValidation::test_valid_simple_transmitter PASSED [ 47%]
tests/unit/test_pid_standards.py::TestISALetterValidation::test_valid_flow_controller PASSED [ 48%]
tests/unit/test_pid_standards.py::TestISALetterValidation::test_valid_pressure_transmitter PASSED [ 48%]
tests/unit/test_pid_standards.py::TestISALetterValidation::test_valid_level_alarm_high PASSED [ 48%]
tests/unit/test_pid_standards.py::TestISALetterValidation::test_valid_single_first_letter PASSED [ 48%]
tests/unit/test_pid_standards.py::TestISALetterValidation::test_invalid_empty PASSED [ 48%]
tests/unit/test_pid_standards.py::TestISALetterValidation::test_invalid_first_letter PASSED [ 48%]
tests/unit/test_pid_standards.py::TestISALetterValidation::test_invalid_succeeding_letter PASSED [ 48%]
tests/unit/test_pid_standards.py::TestISALetterValidation::test_all_first_letters_valid PASSED [ 48%]
tests/unit/test_pid_standards.py::TestISALetterValidation::test_all_succeeding_letters_valid PASSED [ 48%]
tests/unit/test_pid_standards.py::TestISALetterValidation::test_common_instrument_codes PASSED [ 48%]
tests/unit/test_pid_standards.py::TestISABubbleDimensions::test_bubble_diameter_is_12mm PASSED [ 48%]
tests/unit/test_pid_standards.py::TestISABubbleDimensions::test_bubble_is_circle PASSED [ 48%]
tests/unit/test_pid_standards.py::TestISABubbleDimensions::test_field_location_no_divider_without_tag PASSED [ 48%]
tests/unit/test_pid_standards.py::TestISABubbleDimensions::test_field_location_divider_with_tag PASSED [ 48%]
tests/unit/test_pid_standards.py::TestISABubbleDimensions::test_panel_location_has_divider PASSED [ 49%]
tests/unit/test_pid_standards.py::TestISABubbleDimensions::test_dcs_location_has_dashed_divider PASSED [ 49%]
tests/unit/test_pid_standards.py::TestISABubbleDimensions::test_process_port_direction_downward PASSED [ 49%]
tests/unit/test_pid_standards.py::TestISABubbleDimensions::test_signal_port_direction_upward PASSED [ 49%]
tests/unit/test_pid_standards.py::TestLineWeightHierarchy::test_process_heavier_than_equipment PASSED [ 49%]
tests/unit/test_pid_standards.py::TestLineWeightHierarchy::test_equipment_heavier_than_signal PASSED [ 49%]
tests/unit/test_pid_standards.py::TestLineWeightHierarchy::test_exactly_three_standard_weights PASSED [ 49%]
tests/unit/test_pid_standards.py::TestLineWeightHierarchy::test_all_constants_grid_relative PASSED [ 49%]
tests/unit/test_pid_standards.py::TestISO14617Valves::test_gate_valve_bowtie_two_triangles PASSED [ 49%]
tests/unit/test_pid_standards.py::TestISO14617Valves::test_globe_valve_bowtie_plus_circle PASSED [ 49%]
tests/unit/test_pid_standards.py::TestISO14617Valves::test_check_valve_single_triangle_plus_seat PASSED [ 49%]
tests/unit/test_pid_standards.py::TestISO14617Valves::test_ball_valve_bowtie_plus_filled_circle PASSED [ 49%]
tests/unit/test_pid_standards.py::TestISO14617Valves::test_three_way_valve_has_branch_port PASSED [ 49%]
tests/unit/test_pid_standards.py::TestISO14617Valves::test_control_valve_has_actuator PASSED [ 49%]
tests/unit/test_pid_standards.py::TestISO14617Valves::test_all_valves_have_horizontal_flow PASSED [ 49%]
tests/unit/test_pid_standards.py::TestISO14617Equipment::test_centrifugal_pump_circular_body PASSED [ 50%]
tests/unit/test_pid_standards.py::TestISO14617Equipment::test_centrifugal_pump_flow_triangle PASSED [ 50%]
tests/unit/test_pid_standards.py::TestISO14617Equipment::test_centrifugal_pump_horizontal_flow PASSED [ 50%]
tests/unit/test_pid_standards.py::TestISO14617Equipment::test_pd_pump_same_convention PASSED [ 50%]
tests/unit/test_pid_standards.py::TestISO14617Equipment::test_tank_rectangular_body PASSED [ 50%]
tests/unit/test_pid_standards.py::TestISO14617Equipment::test_tank_four_ports PASSED [ 50%]
tests/unit/test_pid_standards.py::TestISO14617Equipment::test_heat_exchanger_circular_body PASSED [ 50%]
tests/unit/test_pid_standards.py::TestISO3098TextSizing::test_text_sizes_at_least_2_5mm PASSED [ 50%]
tests/unit/test_pid_standards.py::TestISO3098TextSizing::test_text_sizes_grid_relative PASSED [ 50%]
tests/unit/test_pid_standards.py::TestSpacingRules::test_equipment_gap_positive PASSED [ 50%]
tests/unit/test_pid_standards.py::TestSpacingRules::test_leg_spacing_positive PASSED [ 50%]
tests/unit/test_pid_standards.py::TestSpacingRules::test_leg_spacing_greater_than_equipment_gap PASSED [ 50%]
tests/unit/test_pid_standards.py::TestBuilderISAEnforcement::test_builder_rejects_invalid_letters PASSED [ 50%]
tests/unit/test_pid_standards.py::TestBuilderISAEnforcement::test_builder_accepts_valid_letters PASSED [ 50%]
tests/unit/test_pid_symbols.py::test_centrifugal_pump_returns_symbol PASSED [ 50%]
tests/unit/test_pid_symbols.py::test_centrifugal_pump_label PASSED       [ 51%]
tests/unit/test_pid_symbols.py::test_centrifugal_pump_no_label PASSED    [ 51%]
tests/unit/test_pid_symbols.py::test_centrifugal_pump_ports_exist PASSED [ 51%]
tests/unit/test_pid_symbols.py::test_centrifugal_pump_inlet_direction PASSED [ 51%]
tests/unit/test_pid_symbols.py::test_centrifugal_pump_outlet_direction PASSED [ 51%]
tests/unit/test_pid_symbols.py::test_centrifugal_pump_has_elements PASSED [ 51%]
tests/unit/test_pid_symbols.py::test_centrifugal_pump_has_circle_body PASSED [ 51%]
tests/unit/test_pid_symbols.py::test_centrifugal_pump_inlet_port_position PASSED [ 51%]
tests/unit/test_pid_symbols.py::test_centrifugal_pump_outlet_port_position PASSED [ 51%]
tests/unit/test_pid_symbols.py::test_pd_pump_returns_symbol PASSED       [ 51%]
tests/unit/test_pid_symbols.py::test_pd_pump_ports_exist PASSED          [ 51%]
tests/unit/test_pid_symbols.py::test_pd_pump_port_directions PASSED      [ 51%]
tests/unit/test_pid_symbols.py::test_pd_pump_has_triangle_indicator PASSED [ 51%]
tests/unit/test_pid_symbols.py::test_pd_pump_label PASSED                [ 51%]
tests/unit/test_pid_symbols.py::test_tank_returns_symbol PASSED          [ 52%]
tests/unit/test_pid_symbols.py::test_tank_label PASSED                   [ 52%]
tests/unit/test_pid_symbols.py::test_tank_ports_exist PASSED             [ 52%]
tests/unit/test_pid_symbols.py::test_tank_inlet_direction PASSED         [ 52%]
tests/unit/test_pid_symbols.py::test_tank_outlet_direction PASSED        [ 52%]
tests/unit/test_pid_symbols.py::test_tank_drain_direction PASSED         [ 52%]
tests/unit/test_pid_symbols.py::test_tank_vent_direction PASSED          [ 52%]
tests/unit/test_pid_symbols.py::test_tank_has_elements PASSED            [ 52%]
tests/unit/test_pid_symbols.py::test_tank_open_has_more_elements_than_closed PASSED [ 52%]
tests/unit/test_pid_symbols.py::test_heat_exchanger_returns_symbol PASSED [ 52%]
tests/unit/test_pid_symbols.py::test_heat_exchanger_label PASSED         [ 52%]
tests/unit/test_pid_symbols.py::test_heat_exchanger_ports_exist PASSED   [ 52%]
tests/unit/test_pid_symbols.py::test_heat_exchanger_shell_directions PASSED [ 52%]
tests/unit/test_pid_symbols.py::test_heat_exchanger_tube_directions PASSED [ 52%]
tests/unit/test_pid_symbols.py::test_heat_exchanger_has_circle_body PASSED [ 52%]
tests/unit/test_pid_symbols.py::test_heat_exchanger_port_positions_reasonable PASSED [ 53%]
tests/unit/test_pid_symbols.py::test_gate_valve_returns_symbol PASSED    [ 53%]
tests/unit/test_pid_symbols.py::test_gate_valve_label PASSED             [ 53%]
tests/unit/test_pid_symbols.py::test_gate_valve_ports_exist PASSED       [ 53%]
tests/unit/test_pid_symbols.py::test_gate_valve_port_directions PASSED   [ 53%]
tests/unit/test_pid_symbols.py::test_gate_valve_has_two_triangles PASSED [ 53%]
tests/unit/test_pid_symbols.py::test_gate_valve_in_left_of_out PASSED    [ 53%]
tests/unit/test_pid_symbols.py::test_globe_valve_returns_symbol PASSED   [ 53%]
tests/unit/test_pid_symbols.py::test_globe_valve_ports_exist PASSED      [ 53%]
tests/unit/test_pid_symbols.py::test_globe_valve_has_center_circle PASSED [ 53%]
tests/unit/test_pid_symbols.py::test_control_valve_returns_symbol PASSED [ 53%]
tests/unit/test_pid_symbols.py::test_control_valve_ports_exist PASSED    [ 53%]
tests/unit/test_pid_symbols.py::test_control_valve_has_actuator_stem PASSED [ 53%]
tests/unit/test_pid_symbols.py::test_control_valve_has_actuator_triangle PASSED [ 53%]
tests/unit/test_pid_symbols.py::test_control_valve_has_actuator_port PASSED [ 53%]
tests/unit/test_pid_symbols.py::test_check_valve_returns_symbol PASSED   [ 54%]
tests/unit/test_pid_symbols.py::test_check_valve_ports_exist PASSED      [ 54%]
tests/unit/test_pid_symbols.py::test_check_valve_port_directions PASSED  [ 54%]
tests/unit/test_pid_symbols.py::test_check_valve_has_single_triangle PASSED [ 54%]
tests/unit/test_pid_symbols.py::test_ball_valve_returns_symbol PASSED    [ 54%]
tests/unit/test_pid_symbols.py::test_ball_valve_ports_exist PASSED       [ 54%]
tests/unit/test_pid_symbols.py::test_ball_valve_has_filled_circle PASSED [ 54%]
tests/unit/test_pid_symbols.py::test_three_way_valve_returns_symbol PASSED [ 54%]
tests/unit/test_pid_symbols.py::test_three_way_valve_ports_exist PASSED  [ 54%]
tests/unit/test_pid_symbols.py::test_three_way_valve_out_b_direction PASSED [ 54%]
tests/unit/test_pid_symbols.py::test_instrument_bubble_field_returns_symbol PASSED [ 54%]
tests/unit/test_pid_symbols.py::test_instrument_bubble_field_ports PASSED [ 54%]
tests/unit/test_pid_symbols.py::test_instrument_bubble_field_port_directions PASSED [ 54%]
tests/unit/test_pid_symbols.py::test_instrument_bubble_panel_returns_symbol PASSED [ 54%]
tests/unit/test_pid_symbols.py::test_instrument_bubble_panel_has_dividing_line PASSED [ 55%]
tests/unit/test_pid_symbols.py::test_instrument_bubble_dcs_returns_symbol PASSED [ 55%]
tests/unit/test_pid_symbols.py::test_instrument_bubble_field_only_bubble_line PASSED [ 55%]
tests/unit/test_pid_symbols.py::test_instrument_bubble_has_circle PASSED [ 55%]
tests/unit/test_pid_symbols.py::test_instrument_bubble_label_with_tag_number PASSED [ 55%]
tests/unit/test_pid_symbols.py::test_instrument_bubble_label_no_tag PASSED [ 55%]
tests/unit/test_pid_symbols.py::test_instrument_bubble_process_port_below PASSED [ 55%]
tests/unit/test_pid_symbols.py::test_instrument_bubble_signal_port_above PASSED [ 55%]
tests/unit/test_pid_symbols.py::test_pipe_segment_returns_symbol PASSED  [ 55%]
tests/unit/test_pid_symbols.py::test_pipe_segment_default_length PASSED  [ 55%]
tests/unit/test_pid_symbols.py::test_pipe_segment_port_directions PASSED [ 55%]
tests/unit/test_pid_symbols.py::test_pipe_segment_port_positions PASSED  [ 55%]
tests/unit/test_pid_symbols.py::test_pipe_segment_custom_length PASSED   [ 55%]
tests/unit/test_pid_symbols.py::test_pipe_tee_returns_symbol PASSED      [ 55%]
tests/unit/test_pid_symbols.py::test_pipe_tee_ports_exist PASSED         [ 55%]
tests/unit/test_pid_symbols.py::test_pipe_tee_branch_direction PASSED    [ 56%]
tests/unit/test_pid_symbols.py::test_pipe_tee_branch_below PASSED        [ 56%]
tests/unit/test_pid_symbols.py::test_pipe_reducer_returns_symbol PASSED  [ 56%]
tests/unit/test_pid_symbols.py::test_pipe_reducer_ports_exist PASSED     [ 56%]
tests/unit/test_pid_symbols.py::test_pipe_reducer_port_directions PASSED [ 56%]
tests/unit/test_pid_symbols.py::test_pipe_reducer_in_left_of_out PASSED  [ 56%]
tests/unit/test_pid_symbols.py::test_pipe_reducer_has_trapezoid_lines PASSED [ 56%]
tests/unit/test_pid_symbols.py::test_pipe_cap_returns_symbol PASSED      [ 56%]
tests/unit/test_pid_symbols.py::test_pipe_cap_has_inlet_port PASSED      [ 56%]
tests/unit/test_pid_symbols.py::test_pipe_cap_inlet_direction PASSED     [ 56%]
tests/unit/test_pid_symbols.py::test_pipe_cap_has_two_lines PASSED       [ 56%]
tests/unit/test_pid_symbols.py::test_constants_importable PASSED         [ 56%]
tests/unit/test_pid_symbols.py::test_pid_package_top_level_imports PASSED [ 56%]
tests/unit/test_pid_validation.py::test_empty_diagram_passes PASSED      [ 56%]
tests/unit/test_pid_validation.py::test_no_overlap_passes PASSED         [ 57%]
tests/unit/test_pid_validation.py::test_equipment_overlap_detected PASSED [ 57%]
tests/unit/test_pid_validation.py::test_text_overlap_detected PASSED     [ 57%]
tests/unit/test_pid_validation.py::test_page_boundary_violation PASSED   [ 57%]
tests/unit/test_pid_validation.py::test_within_page_boundary_passes PASSED [ 57%]
tests/unit/test_pid_validation.py::test_duplicate_lines_detected PASSED  [ 57%]
tests/unit/test_pid_validation.py::test_unexpected_stroke_weight PASSED  [ 57%]
tests/unit/test_pid_validation.py::test_standard_stroke_weights_pass PASSED [ 57%]
tests/unit/test_plc_resolver.py::TestNaturalSortKey::test_orders_numeric_suffixes PASSED [ 57%]
tests/unit/test_plc_resolver.py::TestNaturalSortKey::test_pure_numbers PASSED [ 57%]
tests/unit/test_plc_resolver.py::TestNaturalSortKey::test_mixed_prefix PASSED [ 57%]
tests/unit/test_plc_resolver.py::TestNaturalSortKey::test_no_numbers PASSED [ 57%]
tests/unit/test_plc_resolver.py::TestNaturalSortKey::test_single_item PASSED [ 57%]
tests/unit/test_plc_resolver.py::TestNaturalSortKey::test_empty_string PASSED [ 57%]
tests/unit/test_plc_resolver.py::TestNaturalSortKey::test_exported_from_utils PASSED [ 57%]
tests/unit/test_plc_resolver.py::TestNaturalSortKey::test_exported_from_package PASSED [ 58%]
[...]
tests/unit/test_typst_compiler.py::TestRenderPlcReport::test_csv_path_substituted PASSED [ 93%]
tests/unit/test_typst_compiler.py::TestRenderPlcReport::test_contains_plc_title PASSED [ 93%]
tests/unit/test_typst_compiler.py::TestRenderPlcReport::test_contains_pagebreak PASSED [ 93%]
tests/unit/test_typst_compiler.py::TestRenderTerminalReport::test_csv_path_substituted PASSED [ 93%]
tests/unit/test_typst_compiler.py::TestRenderTerminalReport::test_descriptions_map_substituted PASSED [ 93%]
tests/unit/test_typst_compiler.py::TestRenderTerminalReport::test_description_with_quotes_escaped PASSED [ 93%]
tests/unit/test_typst_compiler.py::TestRenderTerminalReport::test_empty_descriptions PASSED [ 93%]
tests/unit/test_typst_compiler.py::TestRenderTerminalReport::test_none_descriptions_defaults_to_empty PASSED [ 93%]
tests/unit/test_typst_compiler.py::TestRenderTerminalReport::test_contains_system_terminal_report_title PASSED [ 93%]
tests/unit/test_typst_compiler.py::TestRenderCustomPage::test_with_title PASSED [ 94%]
tests/unit/test_typst_compiler.py::TestRenderCustomPage::test_without_title PASSED [ 94%]
tests/unit/test_typst_compiler.py::TestRenderCustomPage::test_content_preserved PASSED [ 94%]
tests/unit/test_typst_compiler.py::TestBuildTypstContent::test_basic_content PASSED [ 94%]
tests/unit/test_typst_compiler.py::TestBuildTypstContent::test_logo_path_none PASSED [ 94%]
tests/unit/test_typst_compiler.py::TestBuildTypstContent::test_logo_path_set PASSED [ 94%]
tests/unit/test_typst_compiler.py::TestBuildTypstContent::test_all_config_fields_appear PASSED [ 94%]
tests/unit/test_typst_compiler.py::TestBuildTypstContent::test_multiple_page_types_rendered PASSED [ 94%]
tests/unit/test_typst_compiler.py::TestBuildTypstContent::test_frame_path_in_content PASSED [ 94%]
tests/unit/test_typst_compiler.py::TestBuildTypstContent::test_clip_dimensions PASSED [ 94%]
tests/unit/test_typst_compiler.py::TestCompile::test_compile_raises_import_error_when_typst_missing PASSED [ 94%]
tests/unit/test_typst_compiler.py::TestCompile::test_compile_error_message_mentions_pip PASSED [ 94%]
tests/unit/test_typst_compiler.py::TestGetTemplatePath::test_template_file_exists PASSED [ 94%]
tests/unit/test_typst_compiler.py::TestGetTemplatePath::test_template_path_ends_with_typ PASSED [ 94%]
tests/unit/test_typst_compiler.py::TestGetTemplatePath::test_template_in_templates_directory PASSED [ 95%]
tests/unit/test_typst_compiler.py::TestMarkdownToTypst::test_happy_path PASSED [ 95%]
tests/unit/test_typst_compiler.py::TestMarkdownToTypst::test_file_not_found_returns_empty PASSED [ 95%]
tests/unit/test_typst_compiler.py::TestMarkdownToTypst::test_with_notice PASSED [ 95%]
tests/unit/test_typst_compiler.py::TestMarkdownToTypst::test_without_notice PASSED [ 95%]
tests/unit/test_typst_compiler.py::TestMarkdownToTypst::test_custom_width PASSED [ 95%]
tests/unit/test_typst_compiler.py::TestConvertLines::test_h1_heading PASSED [ 95%]
tests/unit/test_typst_compiler.py::TestConvertLines::test_h2_heading PASSED [ 95%]
tests/unit/test_typst_compiler.py::TestConvertLines::test_h3_heading PASSED [ 95%]
tests/unit/test_typst_compiler.py::TestConvertLines::test_paragraph_text PASSED [ 95%]
tests/unit/test_typst_compiler.py::TestConvertLines::test_empty_lines_ignored PASSED [ 95%]
tests/unit/test_typst_compiler.py::TestConvertLines::test_table_rows PASSED [ 95%]
tests/unit/test_typst_compiler.py::TestConvertLines::test_table_separator_row_skipped PASSED [ 95%]
tests/unit/test_typst_compiler.py::TestConvertLines::test_table_followed_by_empty_line_flushes PASSED [ 95%]
tests/unit/test_typst_compiler.py::TestConvertLines::test_table_at_end_of_file_flushed PASSED [ 95%]
tests/unit/test_typst_compiler.py::TestConvertLines::test_wrapping_structure PASSED [ 96%]
tests/unit/test_typst_compiler.py::TestConvertLines::test_width_parameter_used PASSED [ 96%]
tests/unit/test_typst_compiler.py::TestFlushTable::test_empty_input PASSED [ 96%]
tests/unit/test_typst_compiler.py::TestFlushTable::test_single_column_table PASSED [ 96%]
tests/unit/test_typst_compiler.py::TestFlushTable::test_multi_column_table PASSED [ 96%]
tests/unit/test_typst_compiler.py::TestFlushTable::test_table_alignment PASSED [ 96%]
tests/unit/test_typst_compiler.py::TestFlushTable::test_table_stroke PASSED [ 96%]
tests/unit/test_typst_compiler.py::TestNoticeBlock::test_notice_text PASSED [ 96%]
tests/unit/test_typst_compiler.py::TestNoticeBlock::test_notice_width PASSED [ 96%]
tests/unit/test_typst_compiler.py::TestNoticeBlock::test_notice_styling PASSED [ 96%]
tests/unit/test_typst_compiler.py::TestNoticeBlock::test_notice_block_structure PASSED [ 96%]
tests/unit/test_typst_compiler.py::TestFrameGeneratorConstants::test_a3_width PASSED [ 96%]
tests/unit/test_typst_compiler.py::TestFrameGeneratorConstants::test_a3_height PASSED [ 96%]
tests/unit/test_typst_compiler.py::TestFrameGeneratorConstants::test_content_width PASSED [ 96%]
tests/unit/test_typst_compiler.py::TestFrameGeneratorConstants::test_content_height PASSED [ 96%]
tests/unit/test_typst_compiler.py::TestFrameGeneratorConstants::test_inner_frame_x1 PASSED [ 97%]
tests/unit/test_typst_compiler.py::TestFrameGeneratorConstants::test_inner_frame_y1 PASSED [ 97%]
tests/unit/test_typst_compiler.py::TestFrameGeneratorConstants::test_inner_frame_x2 PASSED [ 97%]
tests/unit/test_typst_compiler.py::TestFrameGeneratorConstants::test_inner_frame_y2 PASSED [ 97%]
tests/unit/test_typst_compiler.py::TestGenerateFrame::test_returns_circuit PASSED [ 97%]
tests/unit/test_typst_compiler.py::TestGenerateFrame::test_circuit_has_elements PASSED [ 97%]
tests/unit/test_typst_compiler.py::TestGenerateFrame::test_contains_lines PASSED [ 97%]
tests/unit/test_typst_compiler.py::TestGenerateFrame::test_contains_text_labels PASSED [ 97%]
tests/unit/test_typst_compiler.py::TestGenerateFrame::test_column_labels_1_through_8 PASSED [ 97%]
tests/unit/test_typst_compiler.py::TestGenerateFrame::test_row_labels_a_through_f PASSED [ 97%]
tests/unit/test_typst_compiler.py::TestGenerateFrame::test_column_labels_appear_twice PASSED [ 97%]
tests/unit/test_typst_compiler.py::TestGenerateFrame::test_row_labels_appear_twice PASSED [ 97%]
tests/unit/test_typst_compiler.py::TestGenerateFrame::test_total_text_count PASSED [ 97%]
tests/unit/test_typst_compiler.py::TestGenerateFrame::test_total_line_count PASSED [ 97%]
tests/unit/test_typst_compiler.py::TestGenerateFrame::test_custom_font_family PASSED [ 98%]
tests/unit/test_typst_compiler.py::TestGenerateFrame::test_default_font_family PASSED [ 98%]
tests/unit/test_typst_compiler.py::TestGenerateFrame::test_line_style PASSED [ 98%]
tests/unit/test_typst_compiler.py::TestGenerateFrame::test_text_anchor_is_middle PASSED [ 98%]
tests/unit/test_typst_compiler.py::TestGenerateFrame::test_no_symbols PASSED [ 98%]
tests/unit/test_utils.py::TestUtils::test_autonumberer_workflow PASSED   [ 98%]
tests/unit/test_utils.py::TestUtils::test_terminal_pins_logic PASSED     [ 98%]
tests/unit/test_utils_advanced.py::TestAutonumberingAdvanced::test_state_immutability PASSED [ 98%]
tests/unit/test_utils_advanced.py::TestAutonumberingAdvanced::test_multiple_prefixes PASSED [ 98%]
tests/unit/test_utils_advanced.py::TestAutonumberingAdvanced::test_terminal_pins_multiple_tags PASSED [ 98%]
tests/unit/test_utils_advanced.py::TestAutonumberingAdvanced::test_state_structure PASSED [ 98%]
tests/unit/test_utils_advanced.py::TestAutonumberingAdvanced::test_zero_poles PASSED [ 98%]
tests/unit/test_utils_advanced.py::TestAutonumberingAdvanced::test_large_number_of_poles PASSED [ 98%]
tests/unit/test_utils_advanced.py::TestAutonumberingAdvanced::test_sequential_workflow PASSED [ 98%]
tests/unit/test_wire_helper.py::test_wire_returns_formatted_string PASSED [ 98%]
tests/unit/test_wire_helper.py::test_wire_empty_is_empty_string PASSED   [ 99%]
tests/unit/test_wire_helper.py::test_wire_various_colors PASSED          [ 99%]
tests/unit/test_wire_helper.py::test_wire_color_only PASSED              [ 99%]
tests/unit/test_wire_helper.py::test_wire_size_only PASSED               [ 99%]
tests/unit/test_wire_helper.py::test_wire_importable_from_package PASSED [ 99%]
tests/unit/test_wire_labels.py::TestWireLabels::test_calculate_position PASSED [ 99%]
tests/unit/test_wire_labels.py::TestWireLabels::test_format_wire_spec PASSED [ 99%]
tests/unit/test_wire_labels.py::TestWireLabels::test_create_wire_label_text PASSED [ 99%]
tests/unit/test_wire_labels.py::TestWireLabels::test_create_labeled_wire PASSED [ 99%]
tests/unit/test_wire_labels.py::TestWireLabels::test_find_vertical_wires PASSED [ 99%]
tests/unit/test_wire_labels.py::TestWireLabels::test_add_wire_labels_to_circuit PASSED [ 99%]
tests/unit/test_wire_labels.py::TestWireLabels::test_add_wire_labels_insufficient PASSED [ 99%]
tests/unit/test_wire_labels.py::TestWireLabels::test_add_wire_labels_returns_new_circuit PASSED [ 99%]
tests/unit/test_wire_labels.py::TestWireLabels::test_wire_labels_strict_mismatch_raises PASSED [ 99%]
tests/unit/test_wire_labels.py::TestWireLabels::test_wire_labels_exact_count_passes_strict PASSED [100%]

=============================== tests coverage ================================
______________ coverage: platform win32, python 3.12.12-final-0 _______________

Name                                                      Stmts   Miss  Cover   Missing
---------------------------------------------------------------------------------------
src\schematika\__init__.py                                    1      0   100%
src\schematika\block\__init__.py                              6      0   100%
src\schematika\block\constants.py                            24      0   100%
src\schematika\block\diagram.py                             133      6    95%   104-105, 267, 296, 306, 315
src\schematika\block\layout.py                              259     60    77%   32, 140, 157-158, 203, 241-243, 248-251, 256-258, 268-290, 301-312, 340-341, 376, 415, 427-434, 442-445
src\schematika\block\model.py                               112      6    95%   180-182, 253-255
src\schematika\block\rendering.py                           188     23    88%   107, 183, 195, 197, 217, 221, 224, 229-238, 246, 248, 287, 291, 298, 302, 349
src\schematika\block\validation.py                           64     19    70%   39-41, 52, 55, 69-77, 89-93
src\schematika\cable\__init__.py                              4      4     0%   7-16
src\schematika\cable\builder.py                             128    128     0%   7-406
src\schematika\cable\constants.py                             4      4     0%   3-10
src\schematika\cable\model.py                                37     37     0%   3-97
src\schematika\cable\renderer.py                             42     42     0%   7-83
src\schematika\catalog\__init__.py                            3      0   100%
src\schematika\catalog\cables.py                             36      0   100%
src\schematika\catalog\device.py                             33      0   100%
src\schematika\catalog\registry.py                           41      0   100%
src\schematika\core\__init__.py                               5      0   100%
src\schematika\core\autonumbering.py                         44      5    89%   203-208
src\schematika\core\bbox.py                                  72     23    68%   68, 77-102
src\schematika\core\connection_registry.py                   16      0   100%
src\schematika\core\constants.py                             18      0   100%
src\schematika\core\exceptions.py                            27      0   100%
src\schematika\core\geometry.py                              34      1    97%   20
src\schematika\core\parts.py                                116     12    90%   75-77, 122-123, 184, 215, 271, 277, 365, 367, 378-382
src\schematika\core\primitives.py                            33      0   100%
src\schematika\core\renderer.py                             154      4    97%   163, 213-215
src\schematika\core\state.py                                 12      0   100%
src\schematika\core\symbol.py                                14      0   100%
src\schematika\core\transform.py                            204      0   100%
src\schematika\core\traversal.py                             20      2    90%   20-21
src\schematika\core\utils.py                                  4      0   100%
src\schematika\core\validation.py                            52      2    96%   60-61
src\schematika\electrical\__init__.py                        24      0   100%
src\schematika\electrical\builder.py                        393    107    73%   86, 190-191, 284, 342-345, 411, 499, 506, 582-712, 770-771, 880, 1032-1033, 1116-1138, 1207, 1257, 1311-1318, 1340-1344, 1348, 1352, 1356, 1360, 1364, 1368, 1372, 1376, 1380, 1387, 1390, 1405-1421
src\schematika\electrical\builder_models.py                 134      1    99%   241
src\schematika\electrical\builder_phases.py                 263     29    89%   110, 258, 286, 296, 304-305, 334-335, 349-350, 405, 445, 451, 470-473, 478, 484, 513, 519, 528-537
src\schematika\electrical\builder_utils.py                  118     18    85%   67, 85, 93, 102-109, 135, 208-213
src\schematika\electrical\cable_export.py                    84     23    73%   28-41, 65, 70, 98-100, 116-119
src\schematika\electrical\descriptors.py                     39      1    97%   112
src\schematika\electrical\exceptions.py                       1      0   100%
src\schematika\electrical\field_devices.py                  170      2    99%   336, 375
src\schematika\electrical\inter_device.py                    14      0   100%
src\schematika\electrical\internal_device.py                  7      0   100%
src\schematika\electrical\layout\__init__.py                  1      0   100%
src\schematika\electrical\layout\layout.py                   95      0   100%
src\schematika\electrical\layout\wire_labels.py              61      8    87%   165-173, 229-232, 236, 251
src\schematika\electrical\model\__init__.py                   4      0   100%
src\schematika\electrical\model\constants.py                 81      0   100%
src\schematika\electrical\model\core.py                       2      0   100%
src\schematika\electrical\model\parts.py                      2      0   100%
src\schematika\electrical\model\primitives.py                 2      0   100%
src\schematika\electrical\model\state.py                      1      0   100%
src\schematika\electrical\plc_resolver.py                   214     14    93%   122-123, 191, 195, 240-242, 298, 317-318, 415, 425-426, 553
src\schematika\electrical\symbols\__init__.py                13      0   100%
src\schematika\electrical\symbols\actuators.py               33     15    55%   20-47
src\schematika\electrical\symbols\assemblies.py              39      8    79%   81-103
src\schematika\electrical\symbols\blocks.py                 123     28    77%   45, 132-202
src\schematika\electrical\symbols\breakers.py                33      0   100%
src\schematika\electrical\symbols\coils.py                   29      0   100%
src\schematika\electrical\symbols\connector_pins.py          25      0   100%
src\schematika\electrical\symbols\contacts.py               149     11    93%   92, 102-103, 166-169, 179-180, 183-184, 333
src\schematika\electrical\symbols\motors.py                  80      6    92%   74, 107, 124-125, 213, 217
src\schematika\electrical\symbols\protection.py              50      2    96%   85, 88
src\schematika\electrical\symbols\references.py              34      1    97%   34
src\schematika\electrical\symbols\terminals.py               62      0   100%
src\schematika\electrical\symbols\transducers.py             29      0   100%
src\schematika\electrical\system\__init__.py                  1      0   100%
src\schematika\electrical\system\connection_registry.py      70      2    97%   193-194
src\schematika\electrical\system\system.py                   28      0   100%
src\schematika\electrical\system\system_analysis.py         113      0   100%
src\schematika\electrical\terminal.py                        26      0   100%
src\schematika\electrical\utils\__init__.py                   6      0   100%
src\schematika\electrical\utils\autonumbering.py              3      0   100%
src\schematika\electrical\utils\export_utils.py             137     12    91%   236-237, 243-244, 268, 298, 305, 349-352, 363
src\schematika\electrical\utils\renderer.py                   1      0   100%
src\schematika\electrical\utils\terminal_bridges.py         104     20    81%   86, 99, 156, 162-163, 169-172, 186-187, 234-235, 245-248, 253, 272-275
src\schematika\electrical\utils\transform.py                  1      0   100%
src\schematika\electrical\utils\utils.py                     33      5    85%   92-96
src\schematika\electrical\wire.py                             6      0   100%
src\schematika\mcp\__init__.py                                0      0   100%
src\schematika\mcp\server.py                                203    170    16%   45-47, 51-52, 57-69, 74-79, 94-102, 117-155, 167-179, 187, 192-204, 219-267, 286-327, 340-342, 347-363, 377-416
src\schematika\pcb\__init__.py                                4      0   100%
src\schematika\pcb\adapter.py                                36      0   100%
src\schematika\pcb\builder.py                               349     28    92%   215, 226, 248, 360, 366, 406, 412, 446, 449, 460, 487, 508, 511, 514, 534-536, 560, 585-586, 593, 608, 702, 706, 799-800, 830-832
src\schematika\pcb\errors.py                                 53      0   100%
src\schematika\pcb\model.py                                  93      0   100%
src\schematika\pid\__init__.py                                8      0   100%
src\schematika\pid\builder.py                               211     13    94%   348, 350, 355, 500, 587, 594-595, 662, 704-705, 710-711, 725
src\schematika\pid\connections.py                            87      5    94%   168, 183, 248-250
src\schematika\pid\constants.py                              52      0   100%
src\schematika\pid\diagram.py                                30      1    97%   101
src\schematika\pid\layout.py                                 60      1    98%   92
src\schematika\pid\styles.py                                  7      0   100%
src\schematika\pid\symbols\__init__.py                        5      0   100%
src\schematika\pid\symbols\instruments.py                    32      0   100%
src\schematika\pid\symbols\piping.py                         46      0   100%
src\schematika\pid\symbols\process.py                        22      0   100%
src\schematika\pid\symbols\valves.py                         72      0   100%
src\schematika\pid\symbols\vessels.py                        44      0   100%
src\schematika\pid\validation.py                             46      0   100%
src\schematika\project.py                                   654    195    70%   104, 106, 431-432, 437, 456-459, 474-477, 524-525, 544-545, 590-591, 600-603, 608-612, 617, 724-787, 803-804, 808-809, 986-999, 1010-1018, 1039-1127, 1151-1153, 1161-1169, 1175-1186, 1242-1246, 1258-1260, 1321, 1397-1398, 1412-1446, 1451-1460, 1488, 1495, 1516, 1518-1520, 1522-1524, 1560-1569, 1654-1663, 1686
src\schematika\rendering\__init__.py                          0      0   100%
src\schematika\rendering\typst\__init__.py                    3      0   100%
src\schematika\rendering\typst\compiler.py                  198     71    64%   132, 140, 160-183, 309, 311, 369-393, 397-431
src\schematika\rendering\typst\frame_generator.py            57      0   100%
src\schematika\rendering\typst\markdown_converter.py         73      2    97%   76, 82
---------------------------------------------------------------------------------------
TOTAL                                                      7323   1177    84%
Coverage HTML written to dir docs/baselines/2026-04-24/coverage_html
====================== 1459 passed, 4 xfailed in 16.61s =======================

---
EXIT=0
